2013-09-01 10:00:00.206 1378044000206 1 1377679856609 145 0 130.75460829493088 5000 0 0 0 0 0 1 0 0 0 13677821832 1248002168 0.9993265487409546 0 0 4 0 14.463050903940681 0 0 1208 -0.0 5963299 0 4 0 0 0 0 0 0 0 0
2013-09-01 10:00:05.222 1378044005222 1 1377679856609 145 0 130.75460829493088 5000 0 0 0 0 4 1 0 0 0 13030939464 1894884536 0.9993265488588482 0 0 8 0 14.463050903940681 0 0 1208 -0.0 5963299 0 1 0 0 0 0 0 0 0 0
2013-09-01 10:00:10.237 1378044010237 1 1377679856609 145 0 130.75460829493088 5000 0 0 0 0 0 1 0 0 0 12156645992 2769178008 0.9993265490291389 0 0 2 0 14.463050903940681 0 0 1208 -0.0 5963299 0 2 0 0 0 0 0 0 0 0
2013-09-01 10:00:15.253 1378044015253 1 1377679856609 147 0 130.75460829493088 5000 0 0 0 0 0 1 0 0 0 10878228376 4047595624 0.9993265491601315 0 0 3 0 14.463050903940681 0 0 1208 -0.0 5963299 0 3 0 0 0 0 0 0 0 0
2013-09-01 10:00:20.268 1378044020268 1 1377679856609 146 0 187.15023474178403 5000 0 0 0 0 0 1 0 0 0 10322605624 4603218376 0.9993265494221168 0 0 1 0 14.2 0 0 1208 -0.0 5963299 0 1 0 0 0 0 0 0 0 0
2013-09-01 10:00:25.284 1378044025284 1 1377679856609 144 0 187.15023474178403 5000 0 0 0 0 0 1 0 0 0 10026939568 4898884432 0.9993265495269109 0 0 0 0 14.2 0 0 1208 -0.0 5963299 0 0 0 0 0 0 0 0 0 0
2013-09-01 10:00:30.284 1378044030284 1 1377679856609 144 0 187.15023474178403 5000 0 0 0 0 0 1 0 0 0 13118382272 1803509568 0.9993265496186057 0 0 2 0 14.2 0 0 1208 -0.0 5963299 0 2 0 0 0 0 0 0 0 0
2013-09-01 10:00:35.300 1378044035300 1 1377679856609 144 0 187.15023474178403 5000 0 0 0 0 0 1 0 0 0 12293704544 2628187296 0.9993265498281937 0 0 5 0 14.2 0 0 1208 -0.0 5963299 0 5 0 0 0 0 0 0 0 0
2013-09-01 10:00:40.315 1378044040315 1 1377679856609 144 0 187.15023474178403 5000 0 0 0 0 0 1 0 0 0 11707956336 3213935504 0.9993265501294761 0 0 2 0 14.2 0 0 1208 -0.0 5963299 0 2 0 0 0 0 0 0 0 0
2013-09-01 10:00:45.315 1378044045315 1 1377679856609 144 0 187.15023474178403 5000 0 0 0 0 0 1 0 0 0 10704251816 4217640024 0.999326550836834 0 0 0 0 14.2 0 0 1208 -0.0 5963299 0 0 0 0 0 0 0 0 0 0
2013-09-01 10:00:50.331 1378044050331 1 1377679856609 144 0 187.15023474178403 5000 0 0 0 0 0 1 0 0 0 9842473168 5079418672 0.9993265508630323 0 0 2 0 14.2 0 0 1208 -0.0 5963299 0 2 0 0 0 0 0 0 0 0
2013-09-01 10:00:55.347 1378044055347 1 1377679856609 144 0 187.15023474178403 5000 0 0 0 0 0 1 0 0 0 13731691976 1197867576 0.9993265509154292 0 0 4 0 14.2 0 0 1208 -0.0 5963299 0 4 0 0 0 0 0 0 0 0
2013-09-01 10:01:00.362 1378044060362 1 1377679856609 144 0 187.15023474178403 5000 0 0 0 0 0 1 0 0 0 13237841360 1691718192 0.9993265509285284 0 0 1 0 14.2 0 0 1208 -0.0 5963299 0 1 0 0 0 0 0 0 0 0
2013-09-01 10:01:05.378 1378044065378 1 1377679856609 142 0 187.15023474178403 5000 0 0 0 0 0 1 0 0 0 12635672280 2293887272 0.999326551033322 0 0 3 0 14.2 0 0 1208 -0.0 5963299 0 3 0 0 0 0 0 0 0 0
2013-09-01 10:01:10.393 1378044070393 1 1377679856609 142 0 187.15023474178403 5000 0 0 0 0 0 1 0 0 0 11858590144 3070969408 0.9993265317396037 0 0 2 0 14.2 0 0 1208 -0.0 5963299 0 2 0 0 0 0 0 0 0 0
2013-09-01 10:01:15.393 1378044075393 1 1377679856609 142 0 225.27227101631118 5000 0 0 0 0 0 1 0 0 0 10678780528 4250779024 0.9993265318444002 0 0 6 0 13.283333333333333 0 0 1208 -0.0 5963299 0 5 0 0 0 0 0 0 0 0
2013-09-01 10:01:20.393 1378044080393 1 1377679856609 142 0 225.27227101631118 5000 0 0 0 0 0 1 0 0 0 10156351584 4773207968 0.999326532119491 0 0 2 0 13.283333333333333 0 0 1208 -0.0 5963299 0 2 0 0 0 0 0 0 0 0
2013-09-01 10:01:25.393 1378044085393 1 1377679856609 142 0 225.27227101631118 5000 0 0 0 0 0 1 0 0 0 9906890808 5022668744 0.9993265322242874 0 0 0 0 13.283333333333333 0 0 1208 -0.0 5963299 0 0 0 0 0 0 0 0 0 0
2013-09-01 10:01:30.393 1378044090393 1 1377679856609 142 0 225.27227101631118 5000 0 0 0 0 0 1 0 0 0 13071613056 1856635776 0.9993265322766857 0 0 3 0 13.283333333333333 0 0 1208 -0.0 5963299 0 3 0 0 0 0 0 0 0 0
2013-09-01 10:01:35.393 1378044095393 1 1377679856609 143 0 225.27227101631118 5000 0 0 0 0 0 1 0 0 0 12373744760 2554504072 0.9993265324862783 0 0 2 0 13.283333333333333 0 0 1208 -0.0 5963299 0 2 0 0 0 0 0 0 0 0
2013-09-01 10:01:40.393 1378044100393 1 1377679856609 144 0 225.27227101631118 5000 0 0 0 0 0 1 0 0 0 11692521392 3235727440 0.9993265329447619 0 0 2 0 13.283333333333333 0 0 1208 -0.0 5963299 0 2 0 0 0 0 0 0 0 0
2013-09-01 10:01:45.393 1378044105393 1 1377679856609 144 0 225.27227101631118 5000 0 0 0 0 0 1 0 0 0 10585938376 4342310456 0.9993265338224288 0 0 4 0 13.283333333333333 0 0 1208 -0.0 5963299 0 4 0 0 0 0 0 0 0 0
2013-09-01 10:01:50.393 1378044110393 1 1377679856609 145 0 225.27227101631118 5000 0 0 0 0 0 1 0 0 0 9455412472 5472836360 0.9993265153147695 0 0 1 0 13.283333333333333 0 0 1208 -0.0 5963299 0 1 0 0 0 0 0 0 0 0
2013-09-01 10:01:55.393 1378044115393 1 1377679856609 145 0 225.27227101631118 5000 0 0 0 0 0 1 0 0 0 13368285032 1565010072 0.9993265154064682 0 0 0 0 13.283333333333333 0 0 1208 -0.0 5963299 0 0 0 0 0 0 0 0 0 0
2013-09-01 10:02:00.393 1378044120393 1 1377679856609 145 0 225.27227101631118 5000 0 0 0 0 1 1 0 0 0 12821105104 2112190000 0.9993265156946642 0 0 0 0 13.283333333333333 0 0 1208 -0.0 5963299 0 0 0 0 0 0 0 0 0 0
2013-09-01 10:02:05.393 1378044125393 1 1377679856609 143 0 225.27227101631118 5000 0 0 0 0 0 1 0 0 0 12320150720 2613144384 0.9993265157601634 0 0 2 0 13.283333333333333 0 0 1208 -0.0 5963299 0 2 0 0 0 0 0 0 0 0
2013-09-01 10:02:10.393 1378044130393 1 1377679856609 143 0 225.27227101631118 5000 0 0 0 0 0 1 0 0 0 11472813720 3460481384 0.999326516061459 0 0 1 0 13.283333333333333 0 0 1208 -0.0 5963299 0 1 0 0 0 0 0 0 0 0
2013-09-01 10:02:15.393 1378044135393 1 1377679856609 142 0 148.008537886873 5000 0 0 0 0 0 1 0 0 0 10123958608 4809336496 0.9993265167819472 0 0 2 0 15.616666666666667 0 0 1208 -0.0 5963299 0 2 0 0 0 0 0 0 0 0
2013-09-01 10:02:20.393 1378044140393 1 1377679856609 142 0 148.008537886873 5000 0 0 0 0 0 1 0 0 0 9282744816 5650550288 0.9993265170046433 0 0 3 0 15.616666666666667 0 0 1208 -0.0 5963299 0 3 0 0 0 0 0 0 0 0
2013-09-01 10:02:25.393 1378044145393 1 1377679856609 142 0 148.008537886873 5000 0 0 0 0 0 1 0 0 0 9008827400 5924467704 0.9993265172011397 0 0 1 0 15.616666666666667 0 0 1208 -0.0 5963299 0 1 0 0 0 0 0 0 0 0
2013-09-01 10:02:30.393 1378044150393 1 1377679856609 142 0 148.008537886873 5000 0 0 0 0 0 1 0 0 0 12201927264 2731367840 0.9993265174107357 0 0 3 0 15.616666666666667 0 0 1208 -0.0 5963299 0 3 0 0 0 0 0 0 0 0
2013-09-01 10:02:35.393 1378044155393 1 1377679856609 142 0 148.008537886873 5000 0 0 0 0 0 1 0 0 0 11355546512 3577748592 0.9993265179085258 0 0 2 0 15.616666666666667 0 0 1208 -0.0 5963299 0 2 0 0 0 0 0 0 0 0
2013-09-01 10:02:40.393 1378044160393 1 1377679856609 142 0 148.008537886873 5000 0 0 0 0 0 1 0 0 0 10685806880 4247488224 0.9993265185766114 0 0 2 0 15.616666666666667 0 0 1208 -0.0 5963299 0 2 0 0 0 0 0 0 0 0
2013-09-01 10:02:45.393 1378044165393 1 1377679856609 143 0 148.008537886873 5000 0 0 0 0 0 1 0 0 0 9667679136 5265615968 0.9993265192315959 0 0 1 0 15.616666666666667 0 0 1208 -0.0 5963299 0 1 0 0 0 0 0 0 0 0
2013-09-01 10:02:50.393 1378044170393 1 1377679856609 143 0 148.008537886873 5000 0 0 0 0 2 1 0 0 0 13473442056 1463129848 0.9993265193101939 0 0 4 0 15.616666666666667 0 0 1208 -0.0 5963299 0 4 0 0 0 0 0 0 0 0
2013-09-01 10:02:55.393 1378044175393 1 1377679856609 143 0 148.008537886873 5000 0 0 0 0 0 1 0 0 0 12613075528 2323496376 0.9993265193363933 0 0 4 0 15.616666666666667 0 0 1208 -0.0 5963299 0 4 0 0 0 0 0 0 0 0
2013-09-01 10:03:00.393 1378044180393 1 1377679856609 143 0 148.008537886873 5000 0 0 0 0 0 1 0 0 0 12115327168 2821244736 0.9993265194018917 0 0 2 0 15.616666666666667 0 0 1208 -0.0 5963299 0 2 0 0 0 0 0 0 0 0
2013-09-01 10:03:05.393 1378044185393 1 1377679856609 141 0 148.008537886873 5000 0 0 0 0 0 1 0 0 0 11522303696 3414268208 0.999326519585287 0 0 4 0 15.616666666666667 0 0 1208 -0.0 5963299 0 4 0 0 0 0 0 0 0 0
2013-09-01 10:03:10.393 1378044190393 1 1377679856609 141 0 148.008537886873 5000 0 0 0 0 0 1 0 0 0 10774233672 4162338232 0.9993265197293832 0 0 4 0 15.616666666666667 0 0 1208 -0.0 5963299 0 4 0 0 0 0 0 0 0 0
2013-09-01 10:03:15.393 1378044195393 1 1377679856609 141 0 188.62954545454545 5000 0 0 0 0 0 1 0 0 0 9352465488 5584106416 0.9993265197948815 0 0 4 0 14.666666666666666 0 0 1208 -0.0 5963299 0 4 0 0 0 0 0 0 0 0
2013-09-01 10:03:20.393 1378044200393 1 1377679856609 141 0 188.62954545454545 5000 0 0 0 0 0 1 0 0 0 13411796880 1521891440 0.9993265200961735 0 0 2 0 14.666666666666666 0 0 1208 -0.0 5963299 0 2 0 0 0 0 0 0 0 0
2013-09-01 10:03:25.393 1378044205393 1 1377679856609 141 0 188.62954545454545 5000 0 0 0 0 0 1 0 0 0 13180434480 1753253840 0.9993265201747714 0 0 1 0 14.666666666666666 0 0 1208 -0.0 5963299 0 1 0 0 0 0 0 0 0 0
2013-09-01 10:03:30.393 1378044210393 1 1377679856609 141 0 188.62954545454545 5000 0 0 0 0 0 1 0 0 0 11576219472 3357468848 0.9993265202664688 0 0 2 0 14.666666666666666 0 0 1208 -0.0 5963299 0 2 0 0 0 0 0 0 0 0
2013-09-01 10:03:35.393 1378044215393 1 1377679856609 141 0 188.62954545454545 5000 0 0 0 0 0 1 0 0 0 10733275992 4200412328 0.9993265206201589 0 0 3 0 14.666666666666666 0 0 1208 -0.0 5963299 0 2 0 0 0 0 0 0 0 0
2013-09-01 10:03:40.393 1378044220393 1 1377679856609 141 0 188.62954545454545 5000 0 0 0 0 0 1 0 0 0 9967191160 4966497160 0.9993265211048447 0 0 4 0 14.666666666666666 0 0 1208 -0.0 5963299 0 4 0 0 0 0 0 0 0 0
2013-09-01 10:03:45.393 1378044225393 1 1377679856609 140 0 188.62954545454545 5000 0 0 0 0 0 1 0 0 0 8982006192 5951682128 0.9993265217729238 0 0 1 0 14.666666666666666 0 0 1208 -0.0 5963299 0 1 0 0 0 0 0 0 0 0
2013-09-01 10:03:50.393 1378044230393 1 1377679856609 140 0 188.62954545454545 5000 0 0 0 0 0 1 0 0 0 12850555032 2087262056 0.9993265218253221 0 0 2 0 14.666666666666666 0 0 1208 -0.0 5963299 0 2 0 0 0 0 0 0 0 0
2013-09-01 10:03:55.393 1378044235393 1 1377679856609 140 0 188.62954545454545 5000 0 0 0 0 0 1 0 0 0 12058619832 2879197256 0.9993265219170191 0 0 2 0 14.666666666666666 0 0 1208 -0.0 5963299 0 2 0 0 0 0 0 0 0 0
2013-09-01 10:04:00.393 1378044240393 1 1377679856609 140 0 188.62954545454545 5000 0 0 0 0 0 1 0 0 0 11639955392 3297861696 0.9993265219432182 0 0 1 0 14.666666666666666 0 0 1208 -0.0 5963299 0 1 0 0 0 0 0 0 0 0
2013-09-01 10:04:05.393 1378044245393 1 1377679856609 139 0 188.62954545454545 5000 0 0 0 0 0 1 0 0 0 11076577080 3861240008 0.9993265220087162 0 0 2 0 14.666666666666666 0 0 1208 -0.0 5963299 0 2 0 0 0 0 0 0 0 0
2013-09-01 10:04:10.393 1378044250393 1 1377679856609 139 0 188.62954545454545 5000 0 0 0 0 0 1 0 0 0 10267920280 4669896808 0.999326522283807 0 0 1 0 14.666666666666666 0 0 1208 -0.0 5963299 0 1 0 0 0 0 0 0 0 0
2013-09-01 10:04:15.393 1378044255393 1 1377679856609 139 0 198.23393939393938 5000 0 0 0 0 0 1 0 0 0 13667041576 1269989080 0.9993265224410016 0 0 3 0 13.75 0 0 1208 -0.0 5963299 0 3 0 0 0 0 0 0 0 0
2013-09-01 10:04:20.393 1378044260393 1 1377679856609 141 0 198.23393939393938 5000 0 0 0 0 0 1 0 0 0 12905934752 2031095904 0.9993265228208885 0 0 4 0 13.75 0 0 1208 -0.0 5963299 0 4 0 0 0 0 0 0 0 0
2013-09-01 10:04:25.393 1378044265393 1 1377679856609 141 0 198.23393939393938 5000 0 0 0 0 0 1 0 0 0 12518684992 2418345664 0.9993265230173815 0 0 1 0 13.75 0 0 1208 -0.0 5963299 0 1 0 0 0 0 0 0 0 0
2013-09-01 10:04:30.393 1378044270393 1 1377679856609 141 0 198.23393939393938 5000 0 0 0 0 0 1 0 0 0 10891791680 4045238976 0.999326523305571 0 0 4 0 13.75 0 0 1208 -0.0 5963299 0 4 0 0 0 0 0 0 0 0
2013-09-01 10:04:35.393 1378044275393 1 1377679856609 140 0 198.23393939393938 5000 0 0 0 0 0 1 0 0 0 10145864984 4791165672 0.9993265235282628 0 0 5 0 13.75 0 0 1208 -0.0 5963299 0 5 0 0 0 0 0 0 0 0
2013-09-01 10:04:40.393 1378044280393 1 1377679856609 141 0 198.23393939393938 5000 0 0 0 0 0 1 0 0 0 9420698112 5516332544 0.9993265239212479 0 0 4 0 13.75 0 0 1208 -0.0 5963299 0 4 0 0 0 0 0 0 0 0
2013-09-01 10:04:45.393 1378044285393 1 1377679856609 141 0 198.23393939393938 5000 0 0 0 0 1 1 0 0 0 13223604040 1716965560 0.9993265051518679 0 0 1 0 13.75 0 0 1208 -0.0 5963299 0 1 0 0 0 0 0 0 0 0
2013-09-01 10:04:50.393 1378044290393 1 1377679856609 141 0 198.23393939393938 5000 0 0 0 0 1 1 0 0 0 12306932488 2633637112 0.9993265051911675 0 0 2 0 13.75 0 0 1208 -0.0 5963299 0 2 0 0 0 0 0 0 0 0
2013-09-01 10:04:55.393 1378044295393 1 1377679856609 141 0 198.23393939393938 5000 0 0 0 0 1 1 0 0 0 11391893808 3548675792 0.9993265052304671 0 0 2 0 13.75 0 0 1208 -0.0 5963299 0 2 0 0 0 0 0 0 0 0
2013-09-01 10:05:00.393 1378044300393 1 1377679856609 141 0 198.23393939393938 5000 0 0 0 0 1 1 0 0 0 10755102520 4185467080 0.9993265052697666 0 0 4 0 13.75 0 0 1208 -0.0 5963299 0 4 0 0 0 0 0 0 0 0
2013-09-01 10:05:05.393 1378044305393 1 1377679856609 141 0 198.23393939393938 5000 0 0 0 0 0 1 0 0 0 10107719664 4832849936 0.9993265053352658 0 0 3 0 13.75 0 0 1208 -0.0 5963299 0 3 0 0 0 0 0 0 0 0
2013-09-01 10:05:10.393 1378044310393 1 1377679856609 141 0 198.23393939393938 5000 0 0 0 0 4 1 0 0 0 9300739920 5639829680 0.9993265055186635 0 0 2 0 13.75 0 0 1208 -0.0 5963299 0 2 0 0 0 0 0 0 0 0
2013-09-01 10:05:15.393 1378044315393 1 1377679856609 141 0 211.58938869665513 5000 0 0 0 0 0 1 0 0 0 12601458592 2338062432 0.9993265056496617 0 0 4 0 14.45 0 0 1208 -0.0 5963299 0 4 0 0 0 0 0 0 0 0
2013-09-01 10:05:20.393 1378044320393 1 1377679856609 141 0 211.58938869665513 5000 0 0 0 0 0 1 0 0 0 11757787480 3181733544 0.9993265059378579 0 0 4 0 14.45 0 0 1208 -0.0 5963299 0 4 0 0 0 0 0 0 0 0
2013-09-01 10:05:25.393 1378044325393 1 1377679856609 141 0 211.58938869665513 5000 0 0 0 0 0 1 0 0 0 11459165824 3480355200 0.9993265060557562 0 0 3 0 14.45 0 0 1208 -0.0 5963299 0 3 0 0 0 0 0 0 0 0
2013-09-01 10:05:30.393 1378044330393 1 1377679856609 141 0 211.58938869665513 5000 0 0 0 0 0 1 0 0 0 10048605672 4890915352 0.9993265061212553 0 0 4 0 14.45 0 0 1208 -0.0 5963299 0 4 0 0 0 0 0 0 0 0
2013-09-01 10:05:35.393 1378044335393 1 1377679856609 141 0 211.58938869665513 5000 0 0 0 0 0 1 0 0 0 9133011056 5806509968 0.9993265064618502 0 0 4 0 14.45 0 0 1208 -0.0 5963299 0 4 0 0 0 0 0 0 0 0
2013-09-01 10:05:40.393 1378044340393 1 1377679856609 141 0 211.58938869665513 5000 0 0 0 0 0 1 0 0 0 13212987832 1724632648 0.9993265069727418 0 0 6 0 14.45 0 0 1208 -0.0 5963299 0 6 0 0 0 0 0 0 0 0
2013-09-01 10:05:45.393 1378044345393 1 1377679856609 139 0 211.58938869665513 5000 0 0 0 0 1 1 0 0 0 12211106120 2726514360 0.9993265076539295 0 0 1 0 14.45 0 0 1208 -0.0 5963299 0 1 0 0 0 0 0 0 0 0
2013-09-01 10:05:50.393 1378044350393 1 1377679856609 139 0 211.58938869665513 5000 0 0 0 0 0 1 0 0 0 11348681512 3588938968 0.999326507680129 0 0 2 0 14.45 0 0 1208 -0.0 5963299 0 2 0 0 0 0 0 0 0 0
2013-09-01 10:05:55.393 1378044355393 1 1377679856609 139 0 211.58938869665513 5000 0 0 0 0 0 1 0 0 0 10393191008 4544429472 0.999326507732528 0 0 3 0 14.45 0 0 1208 -0.0 5963299 0 3 0 0 0 0 0 0 0 0
2013-09-01 10:06:00.393 1378044360393 1 1377679856609 139 0 211.58938869665513 5000 0 0 0 0 0 1 0 0 0 9697883200 5239737280 0.9993265020892984 0 0 3 0 14.45 0 0 1208 -0.0 5963299 0 3 0 0 0 0 0 0 0 0
2013-09-01 10:06:05.393 1378044365393 1 1377679856609 139 0 211.58938869665513 5000 0 0 0 0 1 1 0 0 0 9119783864 5817836616 0.9993265022333938 0 0 4 0 14.45 0 0 1208 -0.0 5963299 0 4 0 0 0 0 0 0 0 0
2013-09-01 10:06:10.393 1378044370393 1 1377679856609 139 0 211.58938869665513 5000 0 0 0 0 0 1 0 0 0 13033662256 1906776272 0.9993265024822858 0 0 3 0 14.45 0 0 1208 -0.0 5963299 0 3 0 0 0 0 0 0 0 0
2013-09-01 10:06:15.393 1378044375393 1 1377679856609 138 0 223.30813287514317 5000 0 0 0 0 0 1 0 0 0 11665506712 3274931816 0.9993265027049785 0 0 4 0 14.55 0 0 1208 -0.0 5963299 0 4 0 0 0 0 0 0 0 0
2013-09-01 10:06:20.393 1378044380393 1 1377679856609 138 0 223.30813287514317 5000 0 0 0 0 0 1 0 0 0 10998177720 3942260808 0.9993265029407705 0 0 2 0 14.55 0 0 1208 -0.0 5963299 0 2 0 0 0 0 0 0 0 0
2013-09-01 10:06:25.393 1378044385393 1 1377679856609 137 0 223.30813287514317 5000 0 0 0 0 0 1 0 0 0 10663001152 4277437376 0.9993265031110647 0 0 0 0 14.55 0 0 1208 -0.0 5963299 0 0 0 0 0 0 0 0 0 0
2013-09-01 10:06:30.393 1378044390393 1 1377679856609 137 0 223.30813287514317 5000 0 0 0 0 0 1 0 0 0 9111053832 5829384696 0.9993265032027615 0 0 2 0 14.55 0 0 1208 -0.0 5963299 0 2 0 0 0 0 0 0 0 0
2013-09-01 10:06:35.393 1378044395393 1 1377679856609 138 0 223.30813287514317 5000 0 0 0 0 0 1 0 0 0 13013457056 1920821088 0.9993265034647524 0 0 2 0 14.55 0 0 1208 -0.0 5963299 0 2 0 0 0 0 0 0 0 0
2013-09-01 10:06:40.393 1378044400393 1 1377679856609 139 0 223.30813287514317 5000 0 0 0 0 0 1 0 0 0 12357415152 2576862992 0.9993265038970367 0 0 2 0 14.55 0 0 1208 -0.0 5963299 0 2 0 0 0 0 0 0 0 0
2013-09-01 10:06:45.393 1378044405393 1 1377679856609 143 0 223.30813287514317 5000 0 0 0 0 0 1 0 0 0 11369667272 3564610872 0.9993265047485043 0 0 0 0 14.55 0 0 1208 -0.0 5963299 0 0 0 0 0 0 0 0 0 0
2013-09-01 10:06:50.393 1378044410393 1 1377679856609 143 0 223.30813287514317 5000 0 0 0 0 0 1 0 0 0 10410764168 4523513976 0.9993265049973944 0 0 1 0 14.55 0 0 1208 -0.0 5963299 0 1 0 0 0 0 0 0 0 0
2013-09-01 10:06:55.393 1378044415393 1 1377679856609 143 0 223.30813287514317 5000 0 0 0 0 0 1 0 0 0 9440866424 5493411720 0.9993265051021901 0 0 5 0 14.55 0 0 1208 -0.0 5963299 0 5 0 0 0 0 0 0 0 0
2013-09-01 10:07:00.393 1378044420393 1 1377679856609 143 0 223.30813287514317 5000 0 0 0 0 0 1 0 0 0 13565041568 1373234272 0.9993265051938864 0 0 1 0 14.55 0 0 1208 -0.0 5963299 0 1 0 0 0 0 0 0 0 0
2013-09-01 10:07:05.393 1378044425393 1 1377679856609 142 0 223.30813287514317 5000 0 0 0 0 0 1 0 0 0 12980616192 1957659648 0.9993265053641794 0 0 3 0 14.55 0 0 1208 -0.0 5963299 0 3 0 0 0 0 0 0 0 0
2013-09-01 10:07:10.393 1378044430393 1 1377679856609 142 0 223.30813287514317 5000 0 0 0 0 0 1 0 0 0 12101744424 2836531416 0.9993265055737708 0 0 3 0 14.55 0 0 1208 -0.0 5963299 0 3 0 0 0 0 0 0 0 0
2013-09-01 10:07:15.393 1378044435393 1 1377679856609 142 0 143.02948113207546 5000 0 0 0 0 0 1 0 0 0 10658860032 4279415808 0.9993265056916658 0 0 5 0 14.133333333333333 0 0 1208 -0.0 5963299 0 4 0 0 0 0 0 0 0 0
2013-09-01 10:07:20.393 1378044440393 1 1377679856609 142 0 143.02948113207546 5000 0 0 0 0 0 1 0 0 0 9966952624 4971323216 0.9993265059536547 0 0 3 0 14.133333333333333 0 0 1208 -0.0 5963299 0 3 0 0 0 0 0 0 0 0
2013-09-01 10:07:25.393 1378044445393 1 1377679856609 143 0 143.02948113207546 5000 0 0 0 0 0 1 0 0 0 9685789296 5252486544 0.9993265060322513 0 0 1 0 14.133333333333333 0 0 1208 -0.0 5963299 0 1 0 0 0 0 0 0 0 0
2013-09-01 10:07:30.393 1378044450393 1 1377679856609 143 0 143.02948113207546 5000 0 0 0 0 0 1 0 0 0 12848549888 2091954176 0.999326506110848 0 0 5 0 14.133333333333333 0 0 1208 -0.0 5963299 0 4 0 0 0 0 0 0 0 0
2013-09-01 10:07:35.393 1378044455393 1 1377679856609 143 0 143.02948113207546 5000 0 0 0 0 0 1 0 0 0 12112044920 2828459144 0.9993264868966808 0 0 3 0 14.133333333333333 0 0 1209 -0.0 5964612 0 3 0 0 0 0 0 0 0 0
2013-09-01 10:07:40.393 1378044460393 1 1377679856609 143 0 143.02948113207546 5000 0 0 0 0 0 1 0 0 0 11452970328 3487533736 0.9993264873551735 0 0 2 0 14.133333333333333 0 0 1209 -0.0 5964612 0 2 0 0 0 0 0 0 0 0
2013-09-01 10:07:45.393 1378044465393 1 1377679856609 143 0 143.02948113207546 5000 0 0 0 0 2 1 0 0 0 10370746872 4569757192 0.9993264880625611 0 0 1 0 14.133333333333333 0 0 1209 -0.0 5964612 0 1 0 0 0 0 0 0 0 0
2013-09-01 10:07:50.393 1378044470393 1 1377679856609 144 0 143.02948113207546 5000 0 0 0 0 2 1 0 0 0 9386601760 5553902304 0.9993264882983566 0 0 2 0 14.133333333333333 0 0 1209 -0.0 5964612 0 2 0 0 0 0 0 0 0 0
2013-09-01 10:07:55.393 1378044475393 1 1377679856609 144 0 143.02948113207546 5000 0 0 0 0 2 1 0 0 0 13440900936 1497505976 0.9993264883900548 0 0 3 0 14.133333333333333 0 0 1209 -0.0 5964612 0 2 0 0 0 0 0 0 0 0
2013-09-01 10:08:00.393 1378044480393 1 1377679856609 144 0 143.02948113207546 5000 0 0 0 0 2 1 0 0 0 12889158760 2049248152 0.9993264885603514 0 0 1 0 14.133333333333333 0 0 1209 -0.0 5964612 0 1 0 0 0 0 0 0 0 0
2013-09-01 10:08:05.393 1378044485393 1 1377679856609 144 0 143.02948113207546 5000 0 0 0 0 2 1 0 0 0 12386324440 2552082472 0.9993264885865508 0 0 3 0 14.133333333333333 0 0 1209 -0.0 5964612 0 3 0 0 0 0 0 0 0 0
2013-09-01 10:08:10.393 1378044490393 1 1377679856609 145 0 143.02948113207546 5000 0 0 0 0 2 1 0 0 0 11498585592 3439821320 0.9993264887437476 0 0 2 0 14.133333333333333 0 0 1209 -0.0 5964612 0 2 0 0 0 0 0 0 0 0
2013-09-01 10:08:15.393 1378044495393 1 1377679856609 146 0 174.3038740920097 5000 0 0 0 0 0 1 0 0 0 10152944424 4785462488 0.9993264888616452 0 0 4 0 13.766666666666667 0 0 1209 -0.0 5964612 0 4 0 0 0 0 0 0 0 0
2013-09-01 10:08:20.393 1378044500393 1 1377679856609 146 0 174.3038740920097 5000 0 0 0 0 0 1 0 0 0 9662952016 5275454896 0.9993264891367393 0 0 1 0 13.766666666666667 0 0 1209 -0.0 5964612 0 1 0 0 0 0 0 0 0 0
2013-09-01 10:08:25.393 1378044505393 1 1377679856609 146 0 174.3038740920097 5000 0 0 0 0 0 1 0 0 0 9383022504 5555384408 0.9993264892808361 0 0 0 0 13.766666666666667 0 0 1209 -0.0 5964612 0 0 0 0 0 0 0 0 0 0
2013-09-01 10:08:30.393 1378044510393 1 1377679856609 146 0 174.3038740920097 5000 0 0 0 0 0 1 0 0 0 12583271240 2361033912 0.9993264893594344 0 0 3 0 13.766666666666667 0 0 1209 -0.0 5964612 0 3 0 0 0 0 0 0 0 0
2013-09-01 10:08:35.393 1378044515393 1 1377679856609 146 0 174.3038740920097 5000 0 0 0 0 0 1 0 0 0 11801444664 3142860488 0.9993264895690296 0 0 3 0 13.766666666666667 0 0 1209 -0.0 5964612 0 3 0 0 0 0 0 0 0 0
2013-09-01 10:08:40.393 1378044520393 1 1377679856609 146 0 174.3038740920097 5000 0 0 0 0 0 1 0 0 0 11041441256 3902863896 0.9993264706431526 0 0 4 0 13.766666666666667 0 0 1209 -0.0 5964612 0 4 0 0 0 0 0 0 0 0
2013-09-01 10:08:45.393 1378044525393 1 1377679856609 146 0 174.3038740920097 5000 0 0 0 0 0 1 0 0 0 9967325048 4976980104 0.9993264712981547 0 0 0 0 13.766666666666667 0 0 1209 -0.0 5964612 0 0 0 0 0 0 0 0 0 0
2013-09-01 10:08:50.393 1378044530393 1 1377679856609 146 0 174.3038740920097 5000 0 0 0 0 0 1 0 0 0 13501921112 1439303848 0.9993264723330554 0 0 2 0 13.766666666666667 0 0 1209 -0.0 5964612 0 2 0 0 0 0 0 0 0 0
2013-09-01 10:08:55.393 1378044535393 1 1377679856609 146 0 174.3038740920097 5000 0 0 0 0 0 1 0 0 0 12599535624 2341689336 0.9993264725295552 0 0 1 0 13.766666666666667 0 0 1209 -0.0 5964612 0 1 0 0 0 0 0 0 0 0
2013-09-01 10:09:00.393 1378044540393 1 1377679856609 146 0 174.3038740920097 5000 0 0 0 0 0 1 0 0 0 12027248792 2913976168 0.9993264726736549 0 0 1 0 13.766666666666667 0 0 1209 -0.0 5964612 0 1 0 0 0 0 0 0 0 0
2013-09-01 10:09:05.393 1378044545393 1 1377679856609 147 0 174.3038740920097 5000 0 0 0 0 0 1 0 0 0 11360207520 3581017440 0.9993264727915547 0 0 4 0 13.766666666666667 0 0 1209 -0.0 5964612 0 4 0 0 0 0 0 0 0 0
2013-09-01 10:09:10.393 1378044550393 1 1377679856609 147 0 174.3038740920097 5000 0 0 0 0 0 1 0 0 0 10479213376 4462011584 0.9993264730142541 0 0 2 0 13.766666666666667 0 0 1209 -0.0 5964612 0 2 0 0 0 0 0 0 0 0
2013-09-01 10:09:15.393 1378044555393 1 1377679856609 146 0 197.3269447576099 5000 0 0 0 0 0 1 0 0 0 9243633144 5697591816 0.9993264730928538 0 0 3 0 14.783333333333333 0 0 1209 -0.0 5964612 0 3 0 0 0 0 0 0 0 0
2013-09-01 10:09:20.393 1378044560393 1 1377679856609 147 0 197.3269447576099 5000 0 0 0 0 0 1 0 0 0 13468998008 1479304840 0.9993264735120523 0 0 4 0 14.783333333333333 0 0 1209 -0.0 5964612 0 4 0 0 0 0 0 0 0 0
2013-09-01 10:09:25.393 1378044565393 1 1377679856609 146 0 197.3269447576099 5000 0 0 0 0 0 1 0 0 0 13185224176 1763078672 0.9993264542063742 0 0 0 0 14.783333333333333 0 0 1209 -0.0 5964612 0 0 0 0 0 0 0 0 0 0
2013-09-01 10:09:30.393 1378044570393 1 1377679856609 147 0 197.3269447576099 5000 0 0 0 0 0 1 0 0 0 11578232552 3370070296 0.9993264543504776 0 0 3 0 14.783333333333333 0 0 1209 -0.0 5964612 0 3 0 0 0 0 0 0 0 0
2013-09-01 10:09:35.393 1378044575393 1 1377679856609 147 0 197.3269447576099 5000 0 0 0 0 0 1 0 0 0 10819806144 4128496704 0.999326454625584 0 0 1 0 14.783333333333333 0 0 1209 -0.0 5964612 0 1 0 0 0 0 0 0 0 0
2013-09-01 10:09:40.393 1378044580393 1 1377679856609 147 0 197.3269447576099 5000 0 0 0 0 0 1 0 0 0 10063521968 4884780880 0.9993264550971945 0 0 2 0 14.783333333333333 0 0 1209 -0.0 5964612 0 2 0 0 0 0 0 0 0 0
2013-09-01 10:09:45.393 1378044585393 1 1377679856609 147 0 197.3269447576099 5000 0 0 0 0 0 1 0 0 0 9086188536 5862114312 0.9993264558046089 0 0 0 0 14.783333333333333 0 0 1209 -0.0 5964612 0 0 0 0 0 0 0 0 0 0
2013-09-01 10:09:50.393 1378044590393 1 1377679856609 147 0 197.3269447576099 5000 0 0 0 0 0 1 0 0 0 12930508512 2015041824 0.9993264560666139 0 0 2 0 14.783333333333333 0 0 1209 -0.0 5964612 0 2 0 0 0 0 0 0 0 0
2013-09-01 10:09:55.393 1378044595393 1 1377679856609 146 0 197.3269447576099 5000 0 0 0 0 0 1 0 0 0 12155875624 2789674712 0.9993264563024182 0 0 2 0 14.783333333333333 0 0 1209 -0.0 5964612 0 1 0 0 0 0 0 0 0 0
2013-09-01 10:10:00.393 1378044600393 1 1377679856609 146 0 197.3269447576099 5000 0 0 0 0 0 1 0 0 0 11545726248 3399824088 0.9993264563941199 0 0 1 0 14.783333333333333 0 0 1209 -0.0 5964612 0 1 0 0 0 0 0 0 0 0
2013-09-01 10:10:05.393 1378044605393 1 1377679856609 146 0 197.3269447576099 5000 0 0 0 0 0 1 0 0 0 11027608192 3917942144 0.9993264564334206 0 0 3 0 14.783333333333333 0 0 1209 -0.0 5964612 0 3 0 0 0 0 0 0 0 0
2013-09-01 10:10:10.393 1378044610393 1 1377679856609 146 0 197.3269447576099 5000 0 0 0 0 0 1 0 0 0 10280379104 4665171232 0.9993264566430241 0 0 0 0 14.783333333333333 0 0 1209 -0.0 5964612 0 0 0 0 0 0 0 0 0 0
2013-09-01 10:10:15.393 1378044615393 1 1377679856609 145 0 163.54312354312356 5000 0 0 0 0 0 1 0 0 0 9305375704 5640174632 0.999326456813327 0 0 1 0 14.3 0 0 1209 -0.0 5964612 0 1 0 0 0 0 0 0 0 0
2013-09-01 10:10:20.393 1378044620393 1 1377679856609 145 0 163.54312354312356 5000 0 0 0 0 0 1 0 0 0 13507222072 1441539528 0.9993264570491307 0 0 3 0 14.3 0 0 1209 -0.0 5964612 0 3 0 0 0 0 0 0 0 0
2013-09-01 10:10:25.393 1378044625393 1 1377679856609 145 0 163.54312354312356 5000 0 0 0 0 0 1 0 0 0 13202051112 1746710488 0.9993264572456337 0 0 1 0 14.3 0 0 1209 -0.0 5964612 0 1 0 0 0 0 0 0 0 0
2013-09-01 10:10:30.393 1378044630393 1 1377679856609 145 0 163.54312354312356 5000 0 0 0 0 0 1 0 0 0 11651358744 3297402856 0.9993264574290365 0 0 3 0 14.3 0 0 1209 -0.0 5964612 0 3 0 0 0 0 0 0 0 0
2013-09-01 10:10:35.393 1378044635393 1 1377679856609 143 0 163.54312354312356 5000 0 0 0 0 0 1 0 0 0 10829717288 4119044312 0.99932645767794 0 0 2 0 14.3 0 0 1209 -0.0 5964612 0 2 0 0 0 0 0 0 0 0
2013-09-01 10:10:40.393 1378044640393 1 1377679856609 143 0 163.54312354312356 5000 0 0 0 0 0 1 0 0 0 10093934400 4854827200 0.999326458306748 0 0 2 0 14.3 0 0 1209 -0.0 5964612 0 2 0 0 0 0 0 0 0 0
2013-09-01 10:10:45.393 1378044645393 1 1377679856609 142 0 163.54312354312356 5000 0 0 0 0 0 1 0 0 0 9137843056 5810918544 0.9993264588831544 0 0 1 0 14.3 0 0 1209 -0.0 5964612 0 1 0 0 0 0 0 0 0 0
2013-09-01 10:10:50.393 1378044650393 1 1377679856609 142 0 163.54312354312356 5000 0 0 0 0 0 1 0 0 0 13012647344 1935458896 0.9993264589093547 0 0 2 0 14.3 0 0 1209 -0.0 5964612 0 2 0 0 0 0 0 0 0 0
2013-09-01 10:10:55.393 1378044655393 1 1377679856609 143 0 163.54312354312356 5000 0 0 0 0 0 1 0 0 0 12233161960 2714944280 0.9993264589486551 0 0 2 0 14.3 0 0 1209 -0.0 5964612 0 2 0 0 0 0 0 0 0 0
2013-09-01 10:11:00.393 1378044660393 1 1377679856609 143 0 163.54312354312356 5000 0 0 0 0 0 1 0 0 0 11579127776 3368978464 0.9993264590010557 0 0 3 0 14.3 0 0 1209 -0.0 5964612 0 3 0 0 0 0 0 0 0 0
2013-09-01 10:11:05.393 1378044665393 1 1377679856609 143 0 163.54312354312356 5000 0 0 0 0 0 1 0 0 0 11073802864 3874303376 0.9993264590796564 0 0 4 0 14.3 0 0 1209 -0.0 5964612 0 4 0 0 0 0 0 0 0 0
2013-09-01 10:11:10.393 1378044670393 1 1377679856609 143 0 163.54312354312356 5000 0 0 0 0 0 1 0 0 0 10225616672 4722489568 0.9993264592761583 0 0 2 0 14.3 0 0 1209 -0.0 5964612 0 2 0 0 0 0 0 0 0 0
2013-09-01 10:11:15.393 1378044675393 1 1377679856609 143 0 208.66626506024096 5000 0 0 0 0 0 1 0 0 0 9315025480 5633080760 0.9993264593940593 0 0 2 0 13.833333333333334 0 0 1209 -0.0 5964612 0 2 0 0 0 0 0 0 0 0
2013-09-01 10:11:20.393 1378044680393 1 1377679856609 143 0 208.66626506024096 5000 0 0 0 0 0 1 0 0 0 13492300760 1458557992 0.9993264597477622 0 0 1 0 13.833333333333334 0 0 1209 -0.0 5964612 0 1 0 0 0 0 0 0 0 0
2013-09-01 10:11:25.393 1378044685393 1 1377679856609 143 0 208.66626506024096 5000 0 0 0 0 0 1 0 0 0 13228945168 1721913584 0.9993264597870625 0 0 0 0 13.833333333333334 0 0 1209 -0.0 5964612 0 0 0 0 0 0 0 0 0 0
2013-09-01 10:11:30.393 1378044690393 1 1377679856609 143 0 208.66626506024096 5000 0 0 0 0 0 1 0 0 0 11642060232 3308798520 0.999326459983564 0 0 3 0 13.833333333333334 0 0 1209 -0.0 5964612 0 3 0 0 0 0 0 0 0 0
2013-09-01 10:11:35.393 1378044695393 1 1377679856609 141 0 208.66626506024096 5000 0 0 0 0 0 1 0 0 0 10785636424 4165222328 0.9993264604551668 0 0 3 0 13.833333333333334 0 0 1209 -0.0 5964612 0 3 0 0 0 0 0 0 0 0
2013-09-01 10:11:40.393 1378044700393 1 1377679856609 143 0 208.66626506024096 5000 0 0 0 0 0 1 0 0 0 10036077096 4914781656 0.9993264609791693 0 0 2 0 13.833333333333334 0 0 1209 -0.0 5964612 0 2 0 0 0 0 0 0 0 0
2013-09-01 10:11:45.393 1378044705393 1 1377679856609 142 0 208.66626506024096 5000 0 0 0 0 0 1 0 0 0 9047219536 5903639216 0.9993264426169215 0 0 5 0 13.833333333333334 0 0 1209 -0.0 5964612 0 5 0 0 0 0 0 0 0 0
2013-09-01 10:11:50.393 1378044710393 1 1377679856609 142 0 208.66626506024096 5000 0 0 0 0 0 1 0 0 0 12887270320 2062670928 0.9993264428003269 0 0 2 0 13.833333333333334 0 0 1209 -0.0 5964612 0 2 0 0 0 0 0 0 0 0
2013-09-01 10:11:55.393 1378044715393 1 1377679856609 142 0 208.66626506024096 5000 0 0 0 0 0 1 0 0 0 11895108000 3054833248 0.9993264429313307 0 0 2 0 13.833333333333334 0 0 1209 -0.0 5964612 0 2 0 0 0 0 0 0 0 0
2013-09-01 10:12:00.393 1378044720393 1 1377679856609 143 0 208.66626506024096 5000 0 0 0 0 0 1 0 0 0 11283848448 3666092800 0.9993264430099329 0 0 2 0 13.833333333333334 0 0 1209 -0.0 5964612 0 2 0 0 0 0 0 0 0 0
2013-09-01 10:12:05.393 1378044725393 1 1377679856609 143 0 208.66626506024096 5000 0 0 0 0 0 1 0 0 0 10441264888 4508676360 0.9993264236127968 0 0 4 0 13.833333333333334 0 0 1209 -0.0 5964612 0 4 0 0 0 0 0 0 0 0
2013-09-01 10:12:10.393 1378044730393 1 1377679856609 143 0 208.66626506024096 5000 0 0 0 0 0 1 0 0 0 13468397160 1474793880 0.9993264238617109 0 0 2 0 13.833333333333334 0 0 1209 -0.0 5964612 0 2 0 0 0 0 0 0 0 0
2013-09-01 10:12:15.393 1378044735393 1 1377679856609 141 0 154.21636771300447 5000 0 0 0 0 0 1 0 0 0 12108535232 2834655808 0.9993264240975241 0 0 3 0 14.866666666666667 0 0 1209 -0.0 5964612 0 3 0 0 0 0 0 0 0 0
2013-09-01 10:12:20.393 1378044740393 1 1377679856609 141 0 154.21636771300447 5000 0 0 0 0 0 1 0 0 0 11544861840 3398329200 0.9993264244381429 0 0 3 0 14.866666666666667 0 0 1209 -0.0 5964612 0 3 0 0 0 0 0 0 0 0
2013-09-01 10:12:25.393 1378044745393 1 1377679856609 141 0 154.21636771300447 5000 0 0 0 0 0 1 0 0 0 11104877928 3838313112 0.9993264247656607 0 0 1 0 14.866666666666667 0 0 1209 -0.0 5964612 0 1 0 0 0 0 0 0 0 0
2013-09-01 10:12:30.393 1378044750393 1 1377679856609 141 0 154.21636771300447 5000 0 0 0 0 0 1 0 0 0 9465680160 5477510880 0.9993264249228692 0 0 3 0 14.866666666666667 0 0 1209 -0.0 5964612 0 3 0 0 0 0 0 0 0 0
2013-09-01 10:12:35.393 1378044755393 1 1377679856609 141 0 154.21636771300447 5000 0 0 0 0 0 1 0 0 0 13386340592 1555736336 0.9993264251062789 0 0 3 0 14.866666666666667 0 0 1209 -0.0 5964612 0 3 0 0 0 0 0 0 0 0
2013-09-01 10:12:40.393 1378044760393 1 1377679856609 142 0 154.21636771300447 5000 0 0 0 0 0 1 0 0 0 12663316408 2278760520 0.999326425473098 0 0 3 0 14.866666666666667 0 0 1209 -0.0 5964612 0 3 0 0 0 0 0 0 0 0
2013-09-01 10:12:45.393 1378044765393 1 1377679856609 142 0 154.21636771300447 5000 0 0 0 0 0 1 0 0 0 11529213408 3412863520 0.9993264264163454 0 0 2 0 14.866666666666667 0 0 1209 -0.0 5964612 0 2 0 0 0 0 0 0 0 0
2013-09-01 10:12:50.393 1378044770393 1 1377679856609 142 0 154.21636771300447 5000 0 0 0 0 0 1 0 0 0 10526228592 4415848336 0.9993264266521569 0 0 2 0 14.866666666666667 0 0 1209 -0.0 5964612 0 2 0 0 0 0 0 0 0 0
2013-09-01 10:12:55.393 1378044775393 1 1377679856609 141 0 154.21636771300447 5000 0 0 0 0 0 1 0 0 0 9354646000 5587430928 0.9993264266521569 0 0 3 0 14.866666666666667 0 0 1209 -0.0 5964612 0 3 0 0 0 0 0 0 0 0
2013-09-01 10:13:00.393 1378044780393 1 1377679856609 141 0 154.21636771300447 5000 0 0 0 0 2 1 0 0 0 13369467696 1573461200 0.9993264267438613 0 0 2 0 14.866666666666667 0 0 1209 -0.0 5964612 0 2 0 0 0 0 0 0 0 0
2013-09-01 10:13:05.393 1378044785393 1 1377679856609 141 0 154.21636771300447 5000 0 0 0 0 0 1 0 0 0 12705519464 2237409432 0.9993264268617669 0 0 3 0 14.866666666666667 0 0 1209 -0.0 5964612 0 3 0 0 0 0 0 0 0 0
2013-09-01 10:13:10.393 1378044790393 1 1377679856609 141 0 154.21636771300447 5000 0 0 0 0 0 1 0 0 0 11870349624 3072579272 0.9993264076088381 0 0 3 0 14.866666666666667 0 0 1209 -0.0 5964612 0 3 0 0 0 0 0 0 0 0
2013-09-01 10:13:15.393 1378044795393 1 1377679856609 141 0 180.23282887077997 5000 0 0 0 0 0 1 0 0 0 10913012280 4029916616 0.9993263882773122 0 0 3 0 14.316666666666666 0 0 1209 -0.0 5964612 0 3 0 0 0 0 0 0 0 0
2013-09-01 10:13:20.393 1378044800393 1 1377679856609 141 0 180.23282887077997 5000 0 0 0 0 0 1 0 0 0 10368515416 4574413480 0.9993263887358598 0 0 2 0 14.316666666666666 0 0 1209 -0.0 5964612 0 2 0 0 0 0 0 0 0 0
2013-09-01 10:13:25.393 1378044805393 1 1377679856609 141 0 180.23282887077997 5000 0 0 0 0 0 1 0 0 0 10102605896 4840323000 0.9993263887620625 0 0 2 0 14.316666666666666 0 0 1209 -0.0 5964612 0 2 0 0 0 0 0 0 0 0
2013-09-01 10:13:30.393 1378044810393 1 1377679856609 141 0 180.23282887077997 5000 0 0 0 0 0 1 0 0 0 13158519480 1783557448 0.9993263889192786 0 0 3 0 14.316666666666666 0 0 1209 -0.0 5964612 0 3 0 0 0 0 0 0 0 0
2013-09-01 10:13:35.393 1378044815393 1 1377679856609 141 0 180.23282887077997 5000 0 0 0 0 0 1 0 0 0 12235675680 2706401248 0.99932638932542 0 0 1 0 14.316666666666666 0 0 1209 -0.0 5964612 0 1 0 0 0 0 0 0 0 0
2013-09-01 10:13:40.393 1378044820393 1 1377679856609 141 0 180.23282887077997 5000 0 0 0 0 0 1 0 0 0 11483917792 3458159136 0.9993263898625739 0 0 1 0 14.316666666666666 0 0 1209 -0.0 5964612 0 1 0 0 0 0 0 0 0 0
2013-09-01 10:13:45.393 1378044825393 1 1377679856609 141 0 180.23282887077997 5000 0 0 0 0 0 1 0 0 0 10503788128 4438288800 0.9993263710420652 0 0 0 0 14.316666666666666 0 0 1209 -0.0 5964612 0 0 0 0 0 0 0 0 0 0
2013-09-01 10:13:50.393 1378044830393 1 1377679856609 141 0 180.23282887077997 5000 0 0 0 0 0 1 0 0 0 9567704664 5374372264 0.9993263711468785 0 0 2 0 14.316666666666666 0 0 1209 -0.0 5964612 0 2 0 0 0 0 0 0 0 0
2013-09-01 10:13:55.393 1378044835393 1 1377679856609 141 0 180.23282887077997 5000 0 0 0 0 0 1 0 0 0 13236213568 1707894976 0.9993263713565049 0 0 2 0 14.316666666666666 0 0 1209 -0.0 5964612 0 2 0 0 0 0 0 0 0 0
2013-09-01 10:14:00.393 1378044840393 1 1377679856609 141 0 180.23282887077997 5000 0 0 0 0 0 1 0 0 0 12569108504 2375000040 0.9993263716185378 0 0 2 0 14.316666666666666 0 0 1209 -0.0 5964612 0 2 0 0 0 0 0 0 0 0
2013-09-01 10:14:05.393 1378044845393 1 1377679856609 141 0 180.23282887077997 5000 0 0 0 0 0 1 0 0 0 12074925776 2869182768 0.9993263718412655 0 0 5 0 14.316666666666666 0 0 1209 -0.0 5964612 0 5 0 0 0 0 0 0 0 0
2013-09-01 10:14:10.393 1378044850393 1 1377679856609 141 0 180.23282887077997 5000 0 0 0 0 0 1 0 0 0 11281104752 3663003792 0.9993263721426028 0 0 2 0 14.316666666666666 0 0 1209 -0.0 5964612 0 2 0 0 0 0 0 0 0 0
2013-09-01 10:14:15.393 1378044855393 1 1377679856609 141 0 170.54857142857142 5000 0 0 0 0 0 1 0 0 0 10219481216 4724627328 0.9993263723260254 0 0 2 0 14.583333333333334 0 0 1209 -0.0 5964612 0 2 0 0 0 0 0 0 0 0
2013-09-01 10:14:20.393 1378044860393 1 1377679856609 141 0 170.54857142857142 5000 0 0 0 0 0 1 0 0 0 9764105928 5180002616 0.9993263726404639 0 0 2 0 14.583333333333334 0 0 1209 -0.0 5964612 0 2 0 0 0 0 0 0 0 0
2013-09-01 10:14:25.393 1378044865393 1 1377679856609 141 0 170.54857142857142 5000 0 0 0 0 0 1 0 0 0 9487554560 5456553984 0.9993263727190734 0 0 1 0 14.583333333333334 0 0 1209 -0.0 5964612 0 1 0 0 0 0 0 0 0 0
2013-09-01 10:14:30.393 1378044870393 1 1377679856609 141 0 170.54857142857142 5000 0 0 0 0 0 1 0 0 0 12587625920 2355499584 0.9993263729418005 0 0 4 0 14.583333333333334 0 0 1209 -0.0 5964612 0 4 0 0 0 0 0 0 0 0
2013-09-01 10:14:35.393 1378044875393 1 1377679856609 140 0 170.54857142857142 5000 0 0 0 0 0 1 0 0 0 11736180096 3206945408 0.9993263732169336 0 0 4 0 14.583333333333334 0 0 1209 -0.0 5964612 0 4 0 0 0 0 0 0 0 0
2013-09-01 10:14:40.393 1378044880393 1 1377679856609 140 0 170.54857142857142 5000 0 0 0 0 0 1 0 0 0 11011299392 3931826112 0.999326373596879 0 0 4 0 14.583333333333334 0 0 1209 -0.0 5964612 0 4 0 0 0 0 0 0 0 0
2013-09-01 10:14:45.393 1378044885393 1 1377679856609 140 0 170.54857142857142 5000 0 0 0 0 0 1 0 0 0 10017103040 4926022464 0.9993263742519565 0 0 2 0 14.583333333333334 0 0 1209 -0.0 5964612 0 2 0 0 0 0 0 0 0 0
2013-09-01 10:14:50.393 1378044890393 1 1377679856609 140 0 170.54857142857142 5000 0 0 0 0 0 1 0 0 0 9400567400 5542558104 0.9993263743043626 0 0 2 0 14.583333333333334 0 0 1209 -0.0 5964612 0 2 0 0 0 0 0 0 0 0
2013-09-01 10:14:55.393 1378044895393 1 1377679856609 140 0 170.54857142857142 5000 0 0 0 0 0 1 0 0 0 13065313056 1880761568 0.9993263744091748 0 0 2 0 14.583333333333334 0 0 1209 -0.0 5964612 0 2 0 0 0 0 0 0 0 0
2013-09-01 10:15:00.393 1378044900393 1 1377679856609 142 0 170.54857142857142 5000 0 0 0 0 0 1 0 0 0 12556992320 2389082304 0.9993263744615809 0 0 4 0 14.583333333333334 0 0 1209 -0.0 5964612 0 4 0 0 0 0 0 0 0 0
2013-09-01 10:15:05.393 1378044905393 1 1377679856609 142 0 170.54857142857142 5000 0 0 0 0 0 1 0 0 0 11849426864 3096647760 0.9993263746581038 0 0 4 0 14.583333333333334 0 0 1209 -0.0 5964612 0 4 0 0 0 0 0 0 0 0
2013-09-01 10:15:10.393 1378044910393 1 1377679856609 142 0 170.54857142857142 5000 0 0 0 0 0 1 0 0 0 11041851040 3904223584 0.9993263750249461 0 0 2 0 14.583333333333334 0 0 1209 -0.0 5964612 0 2 0 0 0 0 0 0 0 0
2013-09-01 10:15:15.393 1378044915393 1 1377679856609 142 0 247.61853188929 5000 0 0 0 0 0 1 0 0 0 10003615848 4942458776 0.9993263753000776 0 0 4 0 13.85 0 0 1209 -0.0 5964612 0 4 0 0 0 0 0 0 0 0
2013-09-01 10:15:20.393 1378044920393 1 1377679856609 142 0 247.61853188929 5000 0 0 0 0 0 1 0 0 0 9443242592 5502832032 0.9993263756276147 0 0 3 0 13.85 0 0 1209 -0.0 5964612 0 3 0 0 0 0 0 0 0 0
2013-09-01 10:15:25.393 1378044925393 1 1377679856609 142 0 247.61853188929 5000 0 0 0 0 0 1 0 0 0 9160487912 5785586712 0.9993263562569875 0 0 1 0 13.85 0 0 1209 -0.0 5964612 0 1 0 0 0 0 0 0 0 0
2013-09-01 10:15:30.393 1378044930393 1 1377679856609 142 0 247.61853188929 5000 0 0 0 0 0 1 0 0 0 12339036832 2604875104 0.9993263563355986 0 0 4 0 13.85 0 0 1209 -0.0 5964612 0 4 0 0 0 0 0 0 0 0
2013-09-01 10:15:35.393 1378044935393 1 1377679856609 142 0 247.61853188929 5000 0 0 0 0 0 1 0 0 0 11560279224 3383632712 0.999326337135307 0 0 4 0 13.85 0 0 1209 -0.0 5964612 0 4 0 0 0 0 0 0 0 0
2013-09-01 10:15:40.393 1378044940393 1 1377679856609 142 0 247.61853188929 5000 0 0 0 0 0 1 0 0 0 10839786928 4104125008 0.9993263375414757 0 0 3 0 13.85 0 0 1209 -0.0 5964612 0 3 0 0 0 0 0 0 0 0
2013-09-01 10:15:45.393 1378044945393 1 1377679856609 143 0 247.61853188929 5000 0 0 0 0 0 1 0 0 0 9874934024 5068977912 0.9993263381834832 0 0 1 0 13.85 0 0 1209 -0.0 5964612 0 1 0 0 0 0 0 0 0 0
2013-09-01 10:15:50.393 1378044950393 1 1377679856609 143 0 247.61853188929 5000 0 0 0 0 0 1 0 0 0 13747782168 1202814440 0.9993263382883006 0 0 3 0 13.85 0 0 1209 -0.0 5964612 0 3 0 0 0 0 0 0 0 0
2013-09-01 10:15:55.393 1378044955393 1 1377679856609 142 0 247.61853188929 5000 0 0 0 0 0 1 0 0 0 12685106344 2265490264 0.9993263383407093 0 0 3 0 13.85 0 0 1209 -0.0 5964612 0 3 0 0 0 0 0 0 0 0
2013-09-01 10:16:00.393 1378044960393 1 1377679856609 142 0 247.61853188929 5000 0 0 0 0 1 1 0 0 0 12042023728 2908572880 0.9993263384062202 0 0 3 0 13.85 0 0 1209 -0.0 5964612 0 2 0 0 0 0 0 0 0 0
2013-09-01 10:16:05.393 1378044965393 1 1377679856609 142 0 247.61853188929 5000 0 0 0 0 0 1 0 0 0 11532254328 3418342280 0.999326319022543 0 0 4 0 13.85 0 0 1209 -0.0 5964612 0 4 0 0 0 0 0 0 0 0
2013-09-01 10:16:10.393 1378044970393 1 1377679856609 142 0 247.61853188929 5000 0 0 0 0 2 1 0 0 0 10689551656 4261044952 0.9993263000712657 0 0 1 0 13.85 0 0 1209 -0.0 5964612 0 1 0 0 0 0 0 0 0 0
2013-09-01 10:16:15.393 1378044975393 1 1377679856609 142 0 216.60245398773006 5000 0 0 0 0 0 1 0 0 0 9705868464 5244728144 0.9993263002547063 0 0 2 0 13.583333333333334 0 0 1209 -0.0 5964612 0 2 0 0 0 0 0 0 0 0
2013-09-01 10:16:20.393 1378044980393 1 1377679856609 142 0 216.60245398773006 5000 0 0 0 0 0 1 0 0 0 8961835464 5988761144 0.9993263007526161 0 0 4 0 13.583333333333334 0 0 1209 -0.0 5964612 0 4 0 0 0 0 0 0 0 0
2013-09-01 10:16:25.393 1378044985393 1 1377679856609 142 0 216.60245398773006 5000 0 0 0 0 0 1 0 0 0 13354323608 1593717096 0.9993263009884679 0 0 2 0 13.583333333333334 0 0 1209 -0.0 5964612 0 2 0 0 0 0 0 0 0 0
2013-09-01 10:16:30.393 1378044990393 1 1377679856609 142 0 216.60245398773006 5000 0 0 0 0 0 1 0 0 0 11813644400 3134396304 0.9993263010539822 0 0 3 0 13.583333333333334 0 0 1209 -0.0 5964612 0 3 0 0 0 0 0 0 0 0
2013-09-01 10:16:35.393 1378044995393 1 1377679856609 143 0 216.60245398773006 5000 0 0 0 0 0 1 0 0 0 10834721232 4113319472 0.999326301460171 0 0 1 0 13.583333333333334 0 0 1209 -0.0 5964612 0 1 0 0 0 0 0 0 0 0
2013-09-01 10:16:40.393 1378045000393 1 1377679856609 144 0 216.60245398773006 5000 0 0 0 0 0 1 0 0 0 10006617504 4941423200 0.9993263018794619 0 0 3 0 13.583333333333334 0 0 1209 -0.0 5964612 0 3 0 0 0 0 0 0 0 0
2013-09-01 10:16:45.393 1378045005393 1 1377679856609 143 0 216.60245398773006 5000 0 0 0 0 0 1 0 0 0 8965141960 5982898744 0.9993263026656313 0 0 0 0 13.583333333333334 0 0 1209 -0.0 5964612 0 0 0 0 0 0 0 0 0 0
2013-09-01 10:16:50.393 1378045010393 1 1377679856609 144 0 216.60245398773006 5000 0 0 0 0 0 1 0 0 0 12714004560 2239606704 0.9993263028490705 0 0 1 0 13.583333333333334 0 0 1209 -0.0 5964612 0 1 0 0 0 0 0 0 0 0
2013-09-01 10:16:55.393 1378045015393 1 1377679856609 144 0 216.60245398773006 5000 0 0 0 0 0 1 0 0 0 11663981528 3289629736 0.999326303006304 0 0 2 0 13.583333333333334 0 0 1209 -0.0 5964612 0 2 0 0 0 0 0 0 0 0
2013-09-01 10:17:00.393 1378045020393 1 1377679856609 145 0 216.60245398773006 5000 0 0 0 0 0 1 0 0 0 11040206952 3913404312 0.9993263030849208 0 0 2 0 13.583333333333334 0 0 1209 -0.0 5964612 0 2 0 0 0 0 0 0 0 0
2013-09-01 10:17:05.394 1378045025394 1 1377679856609 144 0 216.60245398773006 5000 0 0 0 0 0 1 0 0 0 10536534896 4417076368 0.999326303137332 0 0 3 0 13.583333333333334 0 0 1209 -0.0 5964612 0 3 0 0 0 0 0 0 0 0
2013-09-01 10:17:10.394 1378045030394 1 1377679856609 144 0 216.60245398773006 5000 0 0 0 0 0 1 0 0 0 9700189416 5253421848 0.9993263033469765 0 0 1 0 13.583333333333334 0 0 1209 -0.0 5964612 0 1 0 0 0 0 0 0 0 0
2013-09-01 10:17:15.394 1378045035394 1 1377679856609 144 0 208.29782359679268 5000 0 0 0 0 0 1 0 0 0 13581630096 1370539376 0.9993263034649015 0 0 1 0 14.5497575040416 0 0 1209 -0.0 5964612 0 1 0 0 0 0 0 0 0 0
2013-09-01 10:17:20.394 1378045040394 1 1377679856609 145 0 208.29782359679268 5000 0 0 0 0 0 1 0 0 0 12960293128 1991876344 0.9993263037793679 0 0 2 0 14.5497575040416 0 0 1209 -0.0 5964612 0 2 0 0 0 0 0 0 0 0
2013-09-01 10:17:25.394 1378045045394 1 1377679856609 144 0 208.29782359679268 5000 0 0 0 0 0 1 0 0 0 12641976896 2310192576 0.9993263038448817 0 0 1 0 14.5497575040416 0 0 1209 -0.0 5964612 0 1 0 0 0 0 0 0 0 0
2013-09-01 10:17:30.394 1378045050394 1 1377679856609 144 0 208.29782359679268 5000 0 0 0 0 0 1 0 0 0 11053806168 3898363304 0.999326303936601 0 0 3 0 14.5497575040416 0 0 1209 -0.0 5964612 0 3 0 0 0 0 0 0 0 0
2013-09-01 10:17:35.394 1378045055394 1 1377679856609 144 0 208.29782359679268 5000 0 0 0 0 0 1 0 0 0 10223129616 4729039856 0.9993263042117588 0 0 2 0 14.5497575040416 0 0 1209 -0.0 5964612 0 2 0 0 0 0 0 0 0 0
2013-09-01 10:17:40.394 1378045060394 1 1377679856609 145 0 208.29782359679268 5000 0 0 0 0 0 1 0 0 0 9473336552 5478832920 0.9993263046572519 0 0 2 0 14.5497575040416 0 0 1209 -0.0 5964612 0 2 0 0 0 0 0 0 0 0
