2013-09-01 12:00:04.472 1378051204472 1 1377679856609 192 0 145.47652790079715 5000 0 0 0 0 0 1 0 0 0 12933934832 2000802064 0.9993243356791579 0 0 3 0 18.816666666666666 0 0 1210 -0.0 5969950 0 3 0 0 0 0 0 0 0 0
2013-09-01 12:00:09.472 1378051209472 1 1377679856609 192 0 145.47652790079715 5000 0 0 0 0 0 1 0 0 0 12063581208 2871155688 0.9993243360992138 0 0 3 0 18.816666666666666 0 0 1210 -0.0 5969950 0 3 0 0 0 0 0 0 0 0
2013-09-01 12:00:14.472 1378051214472 1 1377679856609 192 0 145.47652790079715 5000 0 0 0 0 0 1 0 0 0 11319378272 3615358624 0.9993243362961148 0 0 2 0 18.816666666666666 0 0 1210 -0.0 5969950 0 2 0 0 0 0 0 0 0 0
2013-09-01 12:00:19.472 1378051219472 1 1377679856609 193 0 188.34873949579833 5000 0 0 0 0 0 1 0 0 0 10709179848 4225557048 0.9993243364536356 0 0 2 0 15.862436683551053 0 0 1210 -0.0 5969950 0 2 0 0 0 0 0 0 0 0
2013-09-01 12:00:24.472 1378051224472 1 1377679856609 193 0 188.34873949579833 5000 0 0 0 0 0 1 0 0 0 10191401560 4743335336 0.9993243367424234 0 0 2 0 15.862436683551053 0 0 1210 -0.0 5969950 0 2 0 0 0 0 0 0 0 0
2013-09-01 12:00:29.472 1378051229472 1 1377679856609 191 0 188.34873949579833 5000 0 0 0 0 0 1 0 0 0 9510558208 5424178688 0.9993243369655774 0 0 2 0 15.862436683551053 0 0 1210 -0.0 5969950 0 2 0 0 0 0 0 0 0 0
2013-09-01 12:00:34.472 1378051234472 1 1377679856609 191 0 188.34873949579833 5000 0 0 0 0 0 1 0 0 0 13427817272 1508099272 0.9993243372149847 0 0 0 0 15.862436683551053 0 0 1210 -0.0 5969950 0 0 0 0 0 0 0 0 0 0
2013-09-01 12:00:39.472 1378051239472 1 1377679856609 192 0 188.34873949579833 5000 0 0 0 0 0 1 0 0 0 11916828672 3019087872 0.9993243375562787 0 0 2 0 15.862436683551053 0 0 1210 -0.0 5969950 0 2 0 0 0 0 0 0 0 0
2013-09-01 12:00:44.472 1378051244472 1 1377679856609 192 0 188.34873949579833 5000 0 0 0 0 0 1 0 0 0 11063501928 3872414616 0.9993243378056855 0 0 4 0 15.862436683551053 0 0 1210 -0.0 5969950 0 4 0 0 0 0 0 0 0 0
2013-09-01 12:00:49.472 1378051249472 1 1377679856609 192 0 188.34873949579833 5000 0 0 0 0 0 1 0 0 0 10333835448 4602081096 0.9993243380419655 0 0 3 0 15.862436683551053 0 0 1210 -0.0 5969950 0 3 0 0 0 0 0 0 0 0
2013-09-01 12:00:54.472 1378051254472 1 1377679856609 193 0 188.34873949579833 5000 0 0 0 0 1 1 0 0 0 13901028448 1035281312 0.9993243384357652 0 0 3 0 15.862436683551053 0 0 1210 -0.0 5969950 0 3 0 0 0 0 0 0 0 0
2013-09-01 12:00:59.472 1378051259472 1 1377679856609 193 0 188.34873949579833 5000 0 0 0 0 0 1 0 0 0 12946401328 1989908432 0.9993243387376779 0 0 2 0 15.862436683551053 0 0 1210 -0.0 5969950 0 2 0 0 0 0 0 0 0 0
2013-09-01 12:01:04.472 1378051264472 1 1377679856609 193 0 188.34873949579833 5000 0 0 0 0 0 1 0 0 0 12298737488 2637572272 0.9993243389083242 0 0 1 0 15.862436683551053 0 0 1210 -0.0 5969950 0 1 0 0 0 0 0 0 0 0
2013-09-01 12:01:09.472 1378051269472 1 1377679856609 193 0 188.34873949579833 5000 0 0 0 0 0 1 0 0 0 10788955448 4147354312 0.9993243391971098 0 0 4 0 15.862436683551053 0 0 1210 -0.0 5969950 0 4 0 0 0 0 0 0 0 0
2013-09-01 12:01:14.472 1378051274472 1 1377679856609 193 0 188.34873949579833 5000 0 0 0 0 0 1 0 0 0 10062491632 4873818128 0.9993243393940091 0 0 3 0 15.862436683551053 0 0 1210 -0.0 5969950 0 3 0 0 0 0 0 0 0 0
2013-09-01 12:01:19.472 1378051279472 1 1377679856609 193 0 147.33723404255318 5000 0 0 0 0 0 1 0 0 0 13905286584 1028074056 0.9993243395909082 0 0 2 0 15.666666666666666 0 0 1210 -0.0 5969950 0 2 0 0 0 0 0 0 0 0
2013-09-01 12:01:24.472 1378051284472 1 1377679856609 193 0 147.33723404255318 5000 0 0 0 0 3 1 0 0 0 12720898136 2212462504 0.9993243398928199 0 0 2 0 15.666666666666666 0 0 1210 -0.0 5969950 0 2 0 0 0 0 0 0 0 0
2013-09-01 12:01:29.472 1378051289472 1 1377679856609 193 0 147.33723404255318 5000 0 0 0 0 1 1 0 0 0 11695695936 3237664704 0.9993243400897187 0 0 2 0 15.666666666666666 0 0 1210 -0.0 5969950 0 2 0 0 0 0 0 0 0 0
2013-09-01 12:01:34.472 1378051294472 1 1377679856609 193 0 147.33723404255318 5000 0 0 0 0 0 1 0 0 0 10348806480 4584554160 0.9993243403128705 0 0 2 0 15.666666666666666 0 0 1210 -0.0 5969950 0 2 0 0 0 0 0 0 0 0
2013-09-01 12:01:39.472 1378051299472 1 1377679856609 193 0 147.33723404255318 5000 0 0 0 0 3 1 0 0 0 13106623976 1823984152 0.9993243406541613 0 0 4 0 15.666666666666666 0 0 1210 -0.0 5969950 0 4 0 0 0 0 0 0 0 0
2013-09-01 12:01:44.472 1378051304472 1 1377679856609 193 0 147.33723404255318 5000 0 0 0 0 0 1 0 0 0 11879925256 3050682872 0.9993243408379332 0 0 5 0 15.666666666666666 0 0 1210 -0.0 5969950 0 5 0 0 0 0 0 0 0 0
2013-09-01 12:01:49.472 1378051309472 1 1377679856609 191 0 147.33723404255318 5000 0 0 0 0 0 1 0 0 0 11163603504 3767004624 0.9993243409691986 0 0 3 0 15.666666666666666 0 0 1210 -0.0 5969950 0 3 0 0 0 0 0 0 0 0
2013-09-01 12:01:54.472 1378051314472 1 1377679856609 192 0 147.33723404255318 5000 0 0 0 0 0 1 0 0 0 10116053424 4814554704 0.9993243411398438 0 0 4 0 15.666666666666666 0 0 1210 -0.0 5969950 0 4 0 0 0 0 0 0 0 0
2013-09-01 12:01:59.472 1378051319472 1 1377679856609 192 0 147.33723404255318 5000 0 0 0 0 0 1 0 0 0 14043009744 884321584 0.9993243413236154 0 0 3 0 15.666666666666666 0 0 1210 -0.0 5969950 0 3 0 0 0 0 0 0 0 0
2013-09-01 12:02:04.472 1378051324472 1 1377679856609 192 0 147.33723404255318 5000 0 0 0 0 0 1 0 0 0 13374655288 1552676040 0.9993243414548806 0 0 2 0 15.666666666666666 0 0 1210 -0.0 5969950 0 2 0 0 0 0 0 0 0 0
2013-09-01 12:02:09.472 1378051329472 1 1377679856609 191 0 147.33723404255318 5000 0 0 0 0 0 1 0 0 0 12365760208 2561571120 0.9993243418749294 0 0 4 0 15.666666666666666 0 0 1210 -0.0 5969950 0 4 0 0 0 0 0 0 0 0
2013-09-01 12:02:14.472 1378051334472 1 1377679856609 191 0 147.33723404255318 5000 0 0 0 0 0 1 0 0 0 11529293336 3398037992 0.9993243424524955 0 0 3 0 15.666666666666666 0 0 1210 -0.0 5969950 0 3 0 0 0 0 0 0 0 0
2013-09-01 12:02:19.472 1378051339472 1 1377679856609 190 0 182.20388349514562 5000 0 0 0 0 0 1 0 0 0 10810179672 4117151656 0.9993243235367143 0 0 1 0 15.45 0 0 1210 -0.0 5969950 0 1 0 0 0 0 0 0 0 0
2013-09-01 12:02:24.472 1378051344472 1 1377679856609 190 0 182.20388349514562 5000 0 0 0 0 0 1 0 0 0 10314206216 4613125112 0.9993243241142952 0 0 1 0 15.45 0 0 1210 -0.0 5969950 0 1 0 0 0 0 0 0 0 0
2013-09-01 12:02:29.472 1378051349472 1 1377679856609 190 0 182.20388349514562 5000 0 0 0 0 0 1 0 0 0 9740672240 5186659088 0.9993243244030853 0 0 0 0 15.45 0 0 1210 -0.0 5969950 0 0 0 0 0 0 0 0 0 0
2013-09-01 12:02:34.472 1378051354472 1 1377679856609 191 0 182.20388349514562 5000 0 0 0 0 0 1 0 0 0 13609173072 1319796656 0.9993243247050019 0 0 0 0 15.45 0 0 1210 -0.0 5969950 0 0 0 0 0 0 0 0 0 0
2013-09-01 12:02:39.472 1378051359472 1 1377679856609 193 0 182.20388349514562 5000 0 0 0 0 0 1 0 0 0 12046512264 2882457464 0.9993243252694539 0 0 1 0 15.45 0 0 1210 -0.0 5969950 0 1 0 0 0 0 0 0 0 0
2013-09-01 12:02:44.472 1378051364472 1 1377679856609 193 0 182.20388349514562 5000 0 0 0 0 0 1 0 0 0 11191015512 3737954216 0.9993243259651726 0 0 5 0 15.45 0 0 1210 -0.0 5969950 0 5 0 0 0 0 0 0 0 0
2013-09-01 12:02:49.472 1378051369472 1 1377679856609 193 0 182.20388349514562 5000 0 0 0 0 0 1 0 0 0 10360177488 4568792240 0.9993243265427494 0 0 2 0 15.45 0 0 1210 -0.0 5969950 0 2 0 0 0 0 0 0 0 0
2013-09-01 12:02:54.472 1378051374472 1 1377679856609 194 0 182.20388349514562 5000 0 0 0 0 0 1 0 0 0 14126265576 807226136 0.9993243266740166 0 0 3 0 15.45 0 0 1210 -0.0 5969950 0 3 0 0 0 0 0 0 0 0
2013-09-01 12:02:59.472 1378051379472 1 1377679856609 193 0 182.20388349514562 5000 0 0 0 0 0 1 0 0 0 13172312008 1761179704 0.9993243268184107 0 0 3 0 15.45 0 0 1210 -0.0 5969950 0 3 0 0 0 0 0 0 0 0
2013-09-01 12:03:04.472 1378051384472 1 1377679856609 193 0 182.20388349514562 5000 0 0 0 0 0 1 0 0 0 12489125424 2444366288 0.9993243268709175 0 0 3 0 15.45 0 0 1210 -0.0 5969950 0 3 0 0 0 0 0 0 0 0
2013-09-01 12:03:09.472 1378051389472 1 1377679856609 193 0 182.20388349514562 5000 0 0 0 0 0 1 0 0 0 11051872248 3881619464 0.999324327080945 0 0 4 0 15.45 0 0 1210 -0.0 5969950 0 4 0 0 0 0 0 0 0 0
2013-09-01 12:03:14.472 1378051394472 1 1377679856609 193 0 182.20388349514562 5000 0 0 0 0 0 1 0 0 0 10359663464 4573828248 0.9993243272384654 0 0 4 0 15.45 0 0 1210 -0.0 5969950 0 4 0 0 0 0 0 0 0 0
2013-09-01 12:03:19.472 1378051399472 1 1377679856609 193 0 181.08049535603715 5000 0 0 0 0 0 1 0 0 0 9674662160 5258829552 0.9993243273434791 0 0 1 0 16.145694481471608 0 0 1210 -0.0 5969950 0 1 0 0 0 0 0 0 0 0
2013-09-01 12:03:24.472 1378051404472 1 1377679856609 194 0 181.08049535603715 5000 0 0 0 0 0 1 0 0 0 13767192968 1163218552 0.9993243088347689 0 0 0 0 16.145694481471608 0 0 1210 -0.0 5969950 0 0 0 0 0 0 0 0 0 0
2013-09-01 12:03:29.472 1378051409472 1 1377679856609 193 0 181.08049535603715 5000 0 0 0 0 0 1 0 0 0 13157780824 1772630696 0.9993243090841826 0 0 1 0 16.145694481471608 0 0 1210 -0.0 5969950 0 1 0 0 0 0 0 0 0 0
2013-09-01 12:03:34.472 1378051414472 1 1377679856609 193 0 181.08049535603715 5000 0 0 0 0 1 1 0 0 0 12212131800 2718279720 0.9993243093204691 0 0 0 0 16.145694481471608 0 0 1210 -0.0 5969950 0 0 0 0 0 0 0 0 0 0
2013-09-01 12:03:39.472 1378051419472 1 1377679856609 192 0 181.08049535603715 5000 0 0 0 0 0 1 0 0 0 10594961336 4335450184 0.9993243098455497 0 0 1 0 16.145694481471608 0 0 1210 -0.0 5969950 0 1 0 0 0 0 0 0 0 0
2013-09-01 12:03:44.472 1378051424472 1 1377679856609 194 0 181.08049535603715 5000 0 0 0 0 0 1 0 0 0 9743440768 5186970752 0.9993243101737246 0 0 2 0 16.145694481471608 0 0 1210 -0.0 5969950 0 2 0 0 0 0 0 0 0 0
2013-09-01 12:03:49.472 1378051429472 1 1377679856609 195 0 181.08049535603715 5000 0 0 0 0 0 1 0 0 0 13592102096 1344731952 0.999324310593788 0 0 1 0 16.145694481471608 0 0 1210 -0.0 5969950 0 1 0 0 0 0 0 0 0 0
2013-09-01 12:03:54.472 1378051434472 1 1377679856609 195 0 181.08049535603715 5000 0 0 0 0 2 1 0 0 0 12678348176 2258485872 0.9993243107381847 0 0 1 0 16.145694481471608 0 0 1210 -0.0 5969950 0 1 0 0 0 0 0 0 0 0
2013-09-01 12:03:59.472 1378051439472 1 1377679856609 195 0 181.08049535603715 5000 0 0 0 0 0 1 0 0 0 11744944440 3191889608 0.9993243108563273 0 0 2 0 16.145694481471608 0 0 1210 -0.0 5969950 0 2 0 0 0 0 0 0 0 0
2013-09-01 12:04:04.472 1378051444472 1 1377679856609 195 0 181.08049535603715 5000 0 0 0 0 0 1 0 0 0 11007255264 3929578784 0.99932431097447 0 0 3 0 16.145694481471608 0 0 1210 -0.0 5969950 0 3 0 0 0 0 0 0 0 0
2013-09-01 12:04:09.472 1378051449472 1 1377679856609 195 0 181.08049535603715 5000 0 0 0 0 0 1 0 0 0 9560362648 5376471400 0.9993243112107553 0 0 5 0 16.145694481471608 0 0 1210 -0.0 5969950 0 5 0 0 0 0 0 0 0 0
2013-09-01 12:04:14.472 1378051454472 1 1377679856609 195 0 181.08049535603715 5000 0 0 0 0 0 1 0 0 0 13524656872 1409555736 0.9993243114864211 0 0 2 0 16.145694481471608 0 0 1210 -0.0 5969950 0 2 0 0 0 0 0 0 0 0
2013-09-01 12:04:19.472 1378051459472 1 1377679856609 194 0 107.58571428571429 5000 0 0 0 0 0 1 0 0 0 12836127144 2098085464 0.9993243115783097 0 0 1 0 16.329251020578187 0 0 1210 -0.0 5969950 0 1 0 0 0 0 0 0 0 0
2013-09-01 12:04:24.472 1378051464472 1 1377679856609 194 0 107.58571428571429 5000 0 0 0 0 0 1 0 0 0 12375945608 2558267000 0.9993243127334781 0 0 0 0 16.329251020578187 0 0 1210 -0.0 5969950 0 0 0 0 0 0 0 0 0 0
2013-09-01 12:04:29.472 1378051469472 1 1377679856609 194 0 107.58571428571429 5000 0 0 0 0 0 1 0 0 0 11590965784 3343246824 0.99932431348171 0 0 0 0 16.329251020578187 0 0 1210 -0.0 5969950 0 0 0 0 0 0 0 0 0 0
2013-09-01 12:04:34.472 1378051474472 1 1377679856609 194 0 107.58571428571429 5000 0 0 0 0 0 1 0 0 0 10572788984 4361423624 0.9993243137836277 0 0 0 0 16.329251020578187 0 0 1210 -0.0 5969950 0 0 0 0 0 0 0 0 0 0
2013-09-01 12:04:39.472 1378051479472 1 1377679856609 194 0 107.58571428571429 5000 0 0 0 0 0 1 0 0 0 13811591600 1123931728 0.9993243141117989 0 0 4 0 16.329251020578187 0 0 1210 -0.0 5969950 0 4 0 0 0 0 0 0 0 0
2013-09-01 12:04:44.472 1378051484472 1 1377679856609 194 0 107.58571428571429 5000 0 0 0 0 0 1 0 0 0 12975463920 1960059408 0.9993243142824477 0 0 4 0 16.329251020578187 0 0 1210 -0.0 5969950 0 4 0 0 0 0 0 0 0 0
2013-09-01 12:04:49.472 1378051489472 1 1377679856609 194 0 107.58571428571429 5000 0 0 0 0 0 1 0 0 0 12201854616 2733668712 0.9993243145318574 0 0 3 0 16.329251020578187 0 0 1210 -0.0 5969950 0 3 0 0 0 0 0 0 0 0
2013-09-01 12:04:54.472 1378051494472 1 1377679856609 194 0 107.58571428571429 5000 0 0 0 0 0 1 0 0 0 10963549736 3971973592 0.9993243147812669 0 0 2 0 16.329251020578187 0 0 1210 -0.0 5969950 0 2 0 0 0 0 0 0 0 0
2013-09-01 12:04:59.472 1378051499472 1 1377679856609 194 0 107.58571428571429 5000 0 0 0 0 0 1 0 0 0 10074501272 4861022056 0.999324314912535 0 0 2 0 16.329251020578187 0 0 1210 -0.0 5969950 0 2 0 0 0 0 0 0 0 0
2013-09-01 12:05:04.472 1378051504472 1 1377679856609 194 0 107.58571428571429 5000 0 0 0 0 0 1 0 0 0 14081772128 854668704 0.9993243149519154 0 0 1 0 16.329251020578187 0 0 1210 -0.0 5969950 0 1 0 0 0 0 0 0 0 0
2013-09-01 12:05:09.472 1378051509472 1 1377679856609 193 0 107.58571428571429 5000 0 0 0 0 0 1 0 0 0 12564364360 2372076472 0.999324295800184 0 0 3 0 16.329251020578187 0 0 1210 -0.0 5969950 0 3 0 0 0 0 0 0 0 0
2013-09-01 12:05:14.472 1378051514472 1 1377679856609 193 0 107.58571428571429 5000 0 0 0 0 0 1 0 0 0 11731959824 3204481008 0.9993242960102187 0 0 5 0 16.329251020578187 0 0 1210 -0.0 5969950 0 5 0 0 0 0 0 0 0 0
2013-09-01 12:05:19.488 1378051519488 1 1377679856609 193 0 173.15057113187953 5000 0 0 0 0 0 1 0 0 0 10952806032 3983634800 0.9993242962465075 0 0 2 0 16.04572114102906 0 0 1210 -0.0 5969950 0 2 0 0 0 0 0 0 0 0
2013-09-01 12:05:24.488 1378051524488 1 1377679856609 193 0 173.15057113187953 5000 0 0 0 0 0 1 0 0 0 10403738864 4532701968 0.9993242970341358 0 0 0 0 16.04572114102906 0 0 1210 -0.0 5969950 0 0 0 0 0 0 0 0 0 0
2013-09-01 12:05:29.488 1378051529488 1 1377679856609 193 0 173.15057113187953 5000 0 0 0 0 0 1 0 0 0 9836396056 5100044776 0.9993242972835511 0 0 0 0 16.04572114102906 0 0 1210 -0.0 5969950 0 0 0 0 0 0 0 0 0 0
2013-09-01 12:05:34.488 1378051534488 1 1377679856609 193 0 173.15057113187953 5000 0 0 0 0 0 1 0 0 0 13727827064 1212087176 0.9993242975854746 0 0 0 0 16.04572114102906 0 0 1210 -0.0 5969950 0 0 0 0 0 0 0 0 0 0
2013-09-01 12:05:39.488 1378051539488 1 1377679856609 193 0 173.15057113187953 5000 0 0 0 0 0 1 0 0 0 12858842184 2081072056 0.9993242979399062 0 0 0 0 16.04572114102906 0 0 1210 -0.0 5969950 0 0 0 0 0 0 0 0 0 0
2013-09-01 12:05:44.488 1378051544488 1 1377679856609 190 0 173.15057113187953 5000 0 0 0 0 0 1 0 0 0 12134194792 2805719448 0.9993242981630667 0 0 3 0 16.04572114102906 0 0 1210 -0.0 5969950 0 3 0 0 0 0 0 0 0 0
2013-09-01 12:05:49.488 1378051549488 1 1377679856609 190 0 173.15057113187953 5000 0 0 0 0 0 1 0 0 0 11303484480 3636429760 0.9993242982812104 0 0 3 0 16.04572114102906 0 0 1210 -0.0 5969950 0 3 0 0 0 0 0 0 0 0
2013-09-01 12:05:54.488 1378051554488 1 1377679856609 189 0 173.15057113187953 5000 0 0 0 0 0 1 0 0 0 10228644008 4711270232 0.9993242983337186 0 0 3 0 16.04572114102906 0 0 1210 -0.0 5969950 0 3 0 0 0 0 0 0 0 0
2013-09-01 12:05:59.488 1378051559488 1 1377679856609 189 0 173.15057113187953 5000 0 0 0 0 0 1 0 0 0 14175975608 762300232 0.9993242984649894 0 0 3 0 16.04572114102906 0 0 1210 -0.0 5969950 0 3 0 0 0 0 0 0 0 0
2013-09-01 12:06:04.488 1378051564488 1 1377679856609 188 0 173.15057113187953 5000 0 0 0 0 0 1 0 0 0 13371425160 1566850680 0.9993242986225142 0 0 2 0 16.04572114102906 0 0 1210 -0.0 5969950 0 2 0 0 0 0 0 0 0 0
2013-09-01 12:06:09.488 1378051569488 1 1377679856609 188 0 173.15057113187953 5000 0 0 0 0 0 1 0 0 0 11946576536 2991699304 0.9993242988062929 0 0 4 0 16.04572114102906 0 0 1210 -0.0 5969950 0 4 0 0 0 0 0 0 0 0
2013-09-01 12:06:14.488 1378051574488 1 1377679856609 188 0 173.15057113187953 5000 0 0 0 0 0 1 0 0 0 11102226760 3836049080 0.9993242990557069 0 0 5 0 16.04572114102906 0 0 1210 -0.0 5969950 0 5 0 0 0 0 0 0 0 0
2013-09-01 12:06:19.488 1378051579488 1 1377679856609 189 0 101.46929824561404 5000 0 0 0 0 0 1 0 0 0 10378297328 4559978512 0.9993242993182477 0 0 10 0 15.2 0 0 1210 -0.0 5969950 0 10 0 0 0 0 0 0 0 0
2013-09-01 12:06:24.488 1378051584488 1 1377679856609 189 0 101.46929824561404 5000 0 0 0 0 0 1 0 0 0 14014513560 919436904 0.9993243000271069 0 0 3 0 15.2 0 0 1210 -0.0 5969950 0 3 0 0 0 0 0 0 0 0
2013-09-01 12:06:29.488 1378051589488 1 1377679856609 190 0 101.46929824561404 5000 0 0 0 0 0 1 0 0 0 13405921280 1528029184 0.9993243002371389 0 0 2 0 15.2 0 0 1210 -0.0 5969950 0 2 0 0 0 0 0 0 0 0
2013-09-01 12:06:34.488 1378051594488 1 1377679856609 190 0 101.46929824561404 5000 0 0 0 0 0 1 0 0 0 12558701384 2375249080 0.9993242809542734 0 0 1 0 15.2 0 0 1210 -0.0 5969950 0 1 0 0 0 0 0 0 0 0
2013-09-01 12:06:39.488 1378051599488 1 1377679856609 190 0 101.46929824561404 5000 0 0 0 0 0 1 0 0 0 11599406944 3334543520 0.9993242619339707 0 0 2 0 15.2 0 0 1210 -0.0 5969950 0 2 0 0 0 0 0 0 0 0
2013-09-01 12:06:44.488 1378051604488 1 1377679856609 191 0 101.46929824561404 5000 0 0 0 0 0 1 0 0 0 10948952920 3984997544 0.9993242620915035 0 0 5 0 15.2 0 0 1210 -0.0 5969950 0 5 0 0 0 0 0 0 0 0
2013-09-01 12:06:49.488 1378051609488 1 1377679856609 192 0 101.46929824561404 5000 0 0 0 0 0 1 0 0 0 10034303624 4899646840 0.9993242624065688 0 0 3 0 15.2 0 0 1210 -0.0 5969950 0 3 0 0 0 0 0 0 0 0
2013-09-01 12:06:54.488 1378051614488 1 1377679856609 190 0 101.46929824561404 5000 0 0 0 0 0 1 0 0 0 13897643768 1040501000 0.9993242625247183 0 0 2 0 15.2 0 0 1210 -0.0 5969950 0 2 0 0 0 0 0 0 0 0
2013-09-01 12:06:59.488 1378051619488 1 1377679856609 190 0 101.46929824561404 5000 0 0 0 0 0 1 0 0 0 13111885696 1826259072 0.9993242628660385 0 0 3 0 15.2 0 0 1210 -0.0 5969950 0 3 0 0 0 0 0 0 0 0
2013-09-01 12:07:04.488 1378051624488 1 1377679856609 190 0 101.46929824561404 5000 0 0 0 0 0 1 0 0 0 12230296120 2707848648 0.9993242630760816 0 0 1 0 15.2 0 0 1210 -0.0 5969950 0 1 0 0 0 0 0 0 0 0
2013-09-01 12:07:09.488 1378051629488 1 1377679856609 190 0 101.46929824561404 5000 0 0 0 0 0 1 0 0 0 11240274400 3697870368 0.999324263391146 0 0 2 0 15.2 0 0 1210 -0.0 5969950 0 2 0 0 0 0 0 0 0 0
2013-09-01 12:07:14.488 1378051634488 1 1377679856609 188 0 101.46929824561404 5000 0 0 0 0 0 1 0 0 0 10443556344 4494588424 0.9993242635355504 0 0 2 0 15.2 0 0 1210 -0.0 5969950 0 2 0 0 0 0 0 0 0 0
2013-09-01 12:07:19.488 1378051639488 1 1377679856609 189 0 201.10467479674796 5000 0 0 0 0 1 1 0 0 0 9761752112 5176392656 0.9993242443052662 0 0 1 0 16.395901024743814 0 0 1210 -0.0 5969950 0 1 0 0 0 0 0 0 0 0
2013-09-01 12:07:24.488 1378051644488 1 1377679856609 188 0 201.10467479674796 5000 0 0 0 0 1 1 0 0 0 14020282008 921336168 0.9993242448697716 0 0 0 0 16.395901024743814 0 0 1210 -0.0 5969950 0 0 0 0 0 0 0 0 0 0
2013-09-01 12:07:29.488 1378051649488 1 1377679856609 188 0 201.10467479674796 5000 0 0 0 0 1 1 0 0 0 13301410416 1640207760 0.9993242454999158 0 0 0 0 16.395901024743814 0 0 1210 -0.0 5969950 0 0 0 0 0 0 0 0 0 0
2013-09-01 12:07:34.488 1378051654488 1 1377679856609 188 0 201.10467479674796 5000 0 0 0 0 1 1 0 0 0 12477984232 2463633944 0.9993242456574517 0 0 0 0 16.395901024743814 0 0 1210 -0.0 5969950 0 0 0 0 0 0 0 0 0 0
2013-09-01 12:07:39.488 1378051659488 1 1377679856609 188 0 201.10467479674796 5000 0 0 0 0 0 1 0 0 0 11652437408 3289180768 0.9993242458674995 0 0 0 0 16.395901024743814 0 0 1210 -0.0 5969950 0 0 0 0 0 0 0 0 0 0
2013-09-01 12:07:44.488 1378051664488 1 1377679856609 190 0 201.10467479674796 5000 0 0 0 0 0 1 0 0 0 10949426912 3992191264 0.9993242459462673 0 0 3 0 16.395901024743814 0 0 1210 -0.0 5969950 0 3 0 0 0 0 0 0 0 0
2013-09-01 12:07:49.488 1378051669488 1 1377679856609 190 0 201.10467479674796 5000 0 0 0 0 0 1 0 0 0 9941985944 4999632232 0.9993242461825709 0 0 3 0 16.395901024743814 0 0 1210 -0.0 5969950 0 3 0 0 0 0 0 0 0 0
2013-09-01 12:07:54.488 1378051674488 1 1377679856609 192 0 201.10467479674796 5000 0 0 0 0 0 1 0 0 0 13706381240 1234057288 0.9993242462219547 0 0 2 0 16.395901024743814 0 0 1210 -0.0 5969950 0 2 0 0 0 0 0 0 0 0
2013-09-01 12:07:59.488 1378051679488 1 1377679856609 194 0 201.10467479674796 5000 0 0 0 0 0 1 0 0 0 12993475280 1946963248 0.9993242463138505 0 0 2 0 16.395901024743814 0 0 1210 -0.0 5969950 0 2 0 0 0 0 0 0 0 0
2013-09-01 12:08:04.488 1378051684488 1 1377679856609 193 0 201.10467479674796 5000 0 0 0 0 0 1 0 0 0 12230562392 2709876136 0.9993242272280457 0 0 4 0 16.395901024743814 0 0 1210 -0.0 5969950 0 4 0 0 0 0 0 0 0 0
2013-09-01 12:08:09.488 1378051689488 1 1377679856609 193 0 201.10467479674796 5000 0 0 0 0 0 1 0 0 0 11259407664 3681030864 0.9993242274643556 0 0 4 0 16.395901024743814 0 0 1210 -0.0 5969950 0 4 0 0 0 0 0 0 0 0
2013-09-01 12:08:14.488 1378051694488 1 1377679856609 190 0 201.10467479674796 5000 0 0 0 0 0 1 0 0 0 10021938496 4918500032 0.9993242277006652 0 0 2 0 16.395901024743814 0 0 1210 -0.0 5969950 0 2 0 0 0 0 0 0 0 0
2013-09-01 12:08:19.488 1378051699488 1 1377679856609 190 0 111.28751311647429 5000 0 0 0 0 0 1 0 0 0 14138220976 806674000 0.9993242278056916 0 0 3 0 15.883333333333333 0 0 1210 -0.0 5969950 0 3 0 0 0 0 0 0 0 0
2013-09-01 12:08:24.488 1378051704488 1 1377679856609 190 0 111.28751311647429 5000 0 0 0 0 0 1 0 0 0 13585059472 1359835504 0.9993242284621062 0 0 1 0 15.883333333333333 0 0 1210 -0.0 5969950 0 1 0 0 0 0 0 0 0 0
2013-09-01 12:08:29.488 1378051709488 1 1377679856609 190 0 111.28751311647429 5000 0 0 0 0 0 1 0 0 0 13043374112 1901520864 0.9993242286721586 0 0 1 0 15.883333333333333 0 0 1210 -0.0 5969950 0 1 0 0 0 0 0 0 0 0
2013-09-01 12:08:34.488 1378051714488 1 1377679856609 190 0 111.28751311647429 5000 0 0 0 0 0 1 0 0 0 12207969904 2736925072 0.9993242289478521 0 0 2 0 15.883333333333333 0 0 1210 -0.0 5969950 0 2 0 0 0 0 0 0 0 0
2013-09-01 12:08:39.488 1378051719488 1 1377679856609 190 0 111.28751311647429 5000 0 0 0 0 0 1 0 0 0 11248227856 3696667120 0.9993242293942127 0 0 2 0 15.883333333333333 0 0 1210 -0.0 5969950 0 2 0 0 0 0 0 0 0 0
2013-09-01 12:08:44.488 1378051724488 1 1377679856609 190 0 111.28751311647429 5000 0 0 0 0 0 1 0 0 0 10433149456 4511745520 0.9993242296173928 0 0 6 0 15.883333333333333 0 0 1210 -0.0 5969950 0 6 0 0 0 0 0 0 0 0
2013-09-01 12:08:49.488 1378051729488 1 1377679856609 190 0 111.28751311647429 5000 0 0 0 0 0 1 0 0 0 9425865056 5519029920 0.9993242297880597 0 0 3 0 15.883333333333333 0 0 1210 -0.0 5969950 0 3 0 0 0 0 0 0 0 0
2013-09-01 12:08:54.488 1378051734488 1 1377679856609 190 0 111.28751311647429 5000 0 0 0 0 0 1 0 0 0 13127355872 1816424992 0.999324230286932 0 0 2 0 15.883333333333333 0 0 1210 -0.0 5969950 0 2 0 0 0 0 0 0 0 0
2013-09-01 12:08:59.488 1378051739488 1 1377679856609 190 0 111.28751311647429 5000 0 0 0 0 1 1 0 0 0 12194344880 2749435984 0.9993242110568171 0 0 2 0 15.883333333333333 0 0 1210 -0.0 5969950 0 2 0 0 0 0 0 0 0 0
2013-09-01 12:09:04.488 1378051744488 1 1377679856609 190 0 111.28751311647429 5000 0 0 0 0 1 1 0 0 0 11651732688 3292048176 0.9993242110830742 0 0 2 0 15.883333333333333 0 0 1210 -0.0 5969950 0 2 0 0 0 0 0 0 0 0
2013-09-01 12:09:09.488 1378051749488 1 1377679856609 190 0 111.28751311647429 5000 0 0 0 0 1 1 0 0 0 10691998312 4251782552 0.9993242112931314 0 0 3 0 15.883333333333333 0 0 1210 -0.0 5969950 0 3 0 0 0 0 0 0 0 0
2013-09-01 12:09:14.488 1378051754488 1 1377679856609 190 0 111.28751311647429 5000 0 0 0 0 1 1 0 0 0 9777438456 5166342408 0.9993242119495591 0 0 3 0 15.883333333333333 0 0 1210 -0.0 5969950 0 3 0 0 0 0 0 0 0 0
2013-09-01 12:09:19.488 1378051759488 1 1377679856609 190 0 164.5548011639185 5000 0 0 0 0 1 1 0 0 0 13845629736 1098478808 0.9993242125009575 0 0 2 0 17.183333333333334 0 0 1210 -0.0 5969950 0 2 0 0 0 0 0 0 0 0
2013-09-01 12:09:24.488 1378051764488 1 1377679856609 190 0 164.5548011639185 5000 0 0 0 0 0 1 0 0 0 13230813064 1713295480 0.99932421318364 0 0 0 0 17.183333333333334 0 0 1210 -0.0 5969950 0 0 0 0 0 0 0 0 0 0
2013-09-01 12:09:29.488 1378051769488 1 1377679856609 190 0 164.5548011639185 5000 0 0 0 0 0 1 0 0 0 12635746344 2308362200 0.9993242135249806 0 0 0 0 17.183333333333334 0 0 1210 -0.0 5969950 0 0 0 0 0 0 0 0 0 0
2013-09-01 12:09:34.488 1378051774488 1 1377679856609 190 0 164.5548011639185 5000 0 0 0 0 0 1 0 0 0 11672569544 3271539000 0.9993242139582202 0 0 0 0 17.183333333333334 0 0 1210 -0.0 5969950 0 0 0 0 0 0 0 0 0 0
2013-09-01 12:09:39.488 1378051779488 1 1377679856609 190 0 164.5548011639185 5000 0 0 0 0 2 1 0 0 0 10753328272 4190780272 0.9993242145358722 0 0 1 0 17.183333333333334 0 0 1210 -0.0 5969950 0 1 0 0 0 0 0 0 0 0
2013-09-01 12:09:44.488 1378051784488 1 1377679856609 189 0 164.5548011639185 5000 0 0 0 0 0 1 0 0 0 9951144704 4992963840 0.9993242148772116 0 0 3 0 17.183333333333334 0 0 1210 -0.0 5969950 0 3 0 0 0 0 0 0 0 0
2013-09-01 12:09:49.488 1378051789488 1 1377679856609 189 0 164.5548011639185 5000 0 0 0 0 0 1 0 0 0 13684404920 1259703624 0.9993242149691105 0 0 2 0 17.183333333333334 0 0 1210 -0.0 5969950 0 2 0 0 0 0 0 0 0 0
2013-09-01 12:09:54.488 1378051794488 1 1377679856609 189 0 164.5548011639185 5000 0 0 0 0 0 1 0 0 0 12619882776 2324225768 0.9993242150347527 0 0 2 0 17.183333333333334 0 0 1210 -0.0 5969950 0 2 0 0 0 0 0 0 0 0
2013-09-01 12:09:59.488 1378051799488 1 1377679856609 189 0 164.5548011639185 5000 0 0 0 0 0 1 0 0 0 11976965160 2967143384 0.9993241764434888 0 0 2 0 17.183333333333334 0 0 1210 -0.0 5969950 0 2 0 0 0 0 0 0 0 0
2013-09-01 12:10:04.488 1378051804488 1 1377679856609 189 0 164.5548011639185 5000 0 0 0 0 0 1 0 0 0 11441155000 3502953544 0.9993241765091346 0 0 3 0 17.183333333333334 0 0 1210 -0.0 5969950 0 3 0 0 0 0 0 0 0 0
2013-09-01 12:10:09.488 1378051809488 1 1377679856609 189 0 164.5548011639185 5000 0 0 0 0 0 1 0 0 0 10409609912 4534498632 0.999324176784847 0 0 4 0 17.183333333333334 0 0 1210 -0.0 5969950 0 4 0 0 0 0 0 0 0 0
2013-09-01 12:10:14.488 1378051814488 1 1377679856609 189 0 164.5548011639185 5000 0 0 0 0 0 1 0 0 0 13815568848 1128146480 0.9993241769949134 0 0 6 0 17.183333333333334 0 0 1210 -0.0 5969950 0 5 0 0 0 0 0 0 0 0
2013-09-01 12:10:19.488 1378051819488 1 1377679856609 189 0 133.2094455852156 5000 0 0 0 0 0 1 0 0 0 13196788184 1746927144 0.999324177139334 0 0 4 0 16.233333333333334 0 0 1210 -0.0 5969950 0 4 0 0 0 0 0 0 0 0
2013-09-01 12:10:24.488 1378051824488 1 1377679856609 189 0 133.2094455852156 5000 0 0 0 0 0 1 0 0 0 12430442168 2513273160 0.9993241777695322 0 0 0 0 16.233333333333334 0 0 1210 -0.0 5969950 0 0 0 0 0 0 0 0 0 0
2013-09-01 12:10:29.488 1378051829488 1 1377679856609 190 0 133.2094455852156 5000 0 0 0 0 0 1 0 0 0 11535909504 3407805824 0.9993241778483068 0 0 1 0 16.233333333333334 0 0 1210 -0.0 5969950 0 1 0 0 0 0 0 0 0 0
2013-09-01 12:10:34.488 1378051834488 1 1377679856609 190 0 133.2094455852156 5000 0 0 0 0 0 1 0 0 0 10702839992 4240875336 0.9993241779664689 0 0 1 0 16.233333333333334 0 0 1210 -0.0 5969950 0 1 0 0 0 0 0 0 0 0
2013-09-01 12:10:39.488 1378051839488 1 1377679856609 190 0 133.2094455852156 5000 0 0 0 0 0 1 0 0 0 9793281280 5150434048 0.9993241782946963 0 0 0 0 16.233333333333334 0 0 1210 -0.0 5969950 0 0 0 0 0 0 0 0 0 0
